Loaded module: julia/1.10.2
  Activating project at `~/MasterThesis`
    Updating registry at `~/.julia/registries/General.toml`
   Resolving package versions...
  No Changes to `~/MasterThesis/Project.toml`
  No Changes to `~/MasterThesis/Manifest.toml`
   Resolving package versions...
  No Changes to `~/MasterThesis/Project.toml`
  No Changes to `~/MasterThesis/Manifest.toml`
   Resolving package versions...
  No Changes to `~/MasterThesis/Project.toml`
  No Changes to `~/MasterThesis/Manifest.toml`
   Resolving package versions...
  No Changes to `~/MasterThesis/Project.toml`
  No Changes to `~/MasterThesis/Manifest.toml`
   Resolving package versions...
  No Changes to `~/MasterThesis/Project.toml`
  No Changes to `~/MasterThesis/Manifest.toml`
   Resolving package versions...
  No Changes to `~/MasterThesis/Project.toml`
  No Changes to `~/MasterThesis/Manifest.toml`
   Resolving package versions...
  No Changes to `~/MasterThesis/Project.toml`
  No Changes to `~/MasterThesis/Manifest.toml`
   Resolving package versions...
  No Changes to `~/MasterThesis/Project.toml`
  No Changes to `~/MasterThesis/Manifest.toml`
