Loaded module: julia/1.10.2
  Activating project at `~/MasterThesis`
   Resolving package versions...
  No Changes to `~/.julia/environments/v1.10/Project.toml`
  No Changes to `~/.julia/environments/v1.10/Manifest.toml`
Precompiling project...
  ✓ IteratorInterfaceExtensions
  ✓ Contour
  ✓ LaTeXStrings
  ✓ WorkerUtilities
  ✓ UnPack
  ✓ TensorCore
  ✓ StatsAPI
  ✓ VersionParsing
  ✓ Pipe
  ✓ CompilerSupportLibraries_jll
  ✓ BufferedStreams
  ✓ Measures
  ✓ StructTypes
  ✓ ConcurrentUtilities
  ✓ TableTraits
  ✓ Preferences
  ✓ Grisu
  ✓ Compat
  ✓ Format
  ✓ domain
  ✓ Reexport
  ✓ Unzip
  ✓ StableRNGs
  ✓ DataValueInterfaces
  ✓ EnumX
  ✓ Requires
  ✓ SentinelArrays
  ✓ OrderedCollections
  ✓ Showoff
  ✓ PtrArrays
  ✓ DocStringExtensions
  ✓ InlineStrings
  ✓ URIs
  ✓ ExceptionUnwrapping
  ✓ DelimitedFiles
  ✓ onlinesolution
  ✓ NaNMath
  ✓ InvertedIndices
  ✓ DataAPI
  ✓ TranscodingStreams
  ✓ BitFlags
  ✓ IrrationalConstants
  ✓ AliasTables
  ✓ LoggingExtras
  ✓ StaticArraysCore
  ✓ UnicodeFun
  ✓ PrecompileTools
  ✓ Statistics
  ✓ SimpleBufferStream
  ✓ Compat → CompatLinearAlgebraExt
  ✓ MacroTools
  ✓ CodeTracking
  ✓ JLLWrappers
  ✓ Scratch
  ✓ Inflate
  ✓ Crayons
  ✓ MbedTLS
  ✓ PooledArrays
  ✓ Missings
  ✓ CodecZlib
  ✓ LogExpFunctions
  ✓ Tables
  ✓ OpenSSL_jll
  ✓ EpollShim_jll
    Bzip2_jll Being precompiled by another machine (hostname: n-62-31-13, pid: 2117899, pidfile: /zhome/90/f/147082/.julia/compiled/v1.10/Bzip2_jll/biC9V_orJ9z.ji.pidfile)
  ✓ SimpleTraits
  ✓ Graphite2_jll
  ✓ Libmount_jll
  ✓ FilePathsBase
  ✓ RecipesBase
  ✓ LLVMOpenMP_jll
  ✓ Xorg_libXau_jll
  ✓ libpng_jll
  ✓ Xorg_libICE_jll
  ✓ libfdk_aac_jll
  ✓ LAME_jll
  ✓ StringManipulation
  ✓ DataStructures
  ✓ LERC_jll
  ✓ fzf_jll
  ✓ Ogg_jll
  ✓ JpegTurbo_jll
  ✓ mtdev_jll
  ✓ XZ_jll
  ✓ gperf_jll
  ✓ Latexify
  ✓ Xorg_libXdmcp_jll
  ✓ x265_jll
  ✓ libaom_jll
  ✓ FixedPointNumbers
  ✓ x264_jll
  ✓ Zstd_jll
  ✓ Expat_jll
  ✓ LZO_jll
    Libuuid_jll Being precompiled by another machine (hostname: n-62-31-14, pid: 2280446, pidfile: /zhome/90/f/147082/.julia/compiled/v1.10/Libuuid_jll/H4xj5_orJ9z.ji.pidfile)
  ✓ Opus_jll
    RelocatableFolders Being precompiled by another machine (hostname: n-62-28-30, pid: 2972032, pidfile: /zhome/90/f/147082/.julia/compiled/v1.10/RelocatableFolders/Yg3O9_orJ9z.ji.pidfile)
  ✓ Xorg_xtrans_jll
  ✓ libevdev_jll
  ✓ Wayland_protocols_jll
  ✓ Libiconv_jll
  ✓ Libgpg_error_jll
  ✓ Libffi_jll
  ✓ FilePathsBase → FilePathsBaseMmapExt
  ✓ Xorg_libpthread_stubs_jll
  ✓ ProtoBuf
  ✓ FriBidi_jll
  ✓ Pixman_jll
  ✓ SortingAlgorithms
    LibExpat Being precompiled by another machine (hostname: n-62-31-14, pid: 2280417, pidfile: /zhome/90/f/147082/.julia/compiled/v1.10/LibExpat/MYp8o_orJ9z.ji.pidfile)
  ✓ Xorg_libSM_jll
  ✓ FilePathsBase → FilePathsBaseTestExt
  ✓ JLFzf
  ✓ eudev_jll
  ✓ OpenSSL
  ✓ Libtiff_jll
  ✓ Bzip2_jll
  ✓ Dbus_jll
  ✓ XML2_jll
    Gettext_jll Being precompiled by another machine (hostname: n-62-31-14, pid: 2280512, pidfile: /zhome/90/f/147082/.julia/compiled/v1.10/Gettext_jll/l4zGN_orJ9z.ji.pidfile)
  ✓ Libgcrypt_jll
  ✓ libvorbis_jll
  ✓ libinput_jll
  ✓ ColorTypes
    Colors Being precompiled by another machine (hostname: n-62-31-14, pid: 2280323, pidfile: /zhome/90/f/147082/.julia/compiled/v1.10/Colors/NKjaT_orJ9z.ji.pidfile)
  ✓ Wayland_jll
  ✓ XSLT_jll
  ✓ StaticArrays
  ✓ StatsBase
  ✓ Xorg_libxcb_jll
  ✓ StaticArrays → StaticArraysStatisticsExt
  ✓ Xorg_xcb_util_jll
  ✓ Xorg_libX11_jll
  ✓ RelocatableFolders
  ✓ ColorVectorSpace
    Xorg_libXext_jll Being precompiled by another machine (hostname: n-62-31-14, pid: 2280206, pidfile: /zhome/90/f/147082/.julia/compiled/v1.10/Xorg_libXext_jll/H6ltV_orJ9z.ji.pidfile)
  ✓ ArnoldiMethod
  ✓ Xorg_xcb_util_image_jll
    Xorg_libxkbfile_jll Being precompiled by another machine (hostname: n-62-31-14, pid: 2280203, pidfile: /zhome/90/f/147082/.julia/compiled/v1.10/Xorg_libxkbfile_jll/PAhQT_orJ9z.ji.pidfile)
  ✓ JuliaInterpreter
  ✓ Xorg_xcb_util_keysyms_jll
  ✓ Xorg_xcb_util_wm_jll
  ✓ Xorg_xcb_util_renderutil_jll
  ✓ Libuuid_jll
  ✓ Xorg_libXrender_jll
  ✓ Xorg_libXfixes_jll
  ✓ Xorg_xcb_util_cursor_jll
  ✓ Fontconfig_jll
  ✓ Xorg_libXcursor_jll
  ✓ Graphs
  ✓ Xorg_libxkbfile_jll
    Xorg_xkbcomp_jll Being precompiled by another machine (hostname: n-62-31-14, pid: 2280523, pidfile: /zhome/90/f/147082/.julia/compiled/v1.10/Xorg_xkbcomp_jll/lfGsl_orJ9z.ji.pidfile)
  ✓ LoweredCodeUtils
  ✓ LibExpat
  ✓ Parsers
    JSON Being precompiled by another machine (hostname: n-62-31-13, pid: 2117931, pidfile: /zhome/90/f/147082/.julia/compiled/v1.10/JSON/uf6oy_orJ9z.ji.pidfile)
  ✓ Unitful
  ✓ InlineStrings → ParsersExt
  ✓ Gettext_jll
  ✓ WeakRefStrings
  ✓ PrettyTables
  ✓ Glib_jll
  ✓ HTTP
  ✓ Xorg_libXext_jll
    Xorg_libXi_jll Being precompiled by another machine (hostname: n-62-31-14, pid: 2279925, pidfile: /zhome/90/f/147082/.julia/compiled/v1.10/Xorg_libXi_jll/1sAS5_orJ9z.ji.pidfile)
  ✓ Xorg_libXinerama_jll
  ✓ Cairo_jll
    HarfBuzz_jll Being precompiled by another machine (hostname: n-62-31-14, pid: 2280498, pidfile: /zhome/90/f/147082/.julia/compiled/v1.10/HarfBuzz_jll/h60co_orJ9z.ji.pidfile)
  ✓ Colors
  ✓ Revise
  ✓ JSON3
  ✓ Revise → DistributedExt
  ✓ ColorSchemes
    PlotUtils Being precompiled by another machine (hostname: n-62-31-14, pid: 2279925, pidfile: /zhome/90/f/147082/.julia/compiled/v1.10/PlotUtils/YveHG_orJ9z.ji.pidfile)
  ✓ Xorg_xkbcomp_jll
    Qt6Base_jll Being precompiled by another machine (hostname: n-62-31-14, pid: 2280763, pidfile: /zhome/90/f/147082/.julia/compiled/v1.10/Qt6Base_jll/Lg7vK_orJ9z.ji.pidfile)
  ✓ JSON
    OpenStreetMapX Being precompiled by another machine (hostname: n-62-31-14, pid: 2279925, pidfile: /zhome/90/f/147082/.julia/compiled/v1.10/OpenStreetMapX/3fbUy_orJ9z.ji.pidfile)
    PyCall Being precompiled by another machine (hostname: n-62-31-13, pid: 2117916, pidfile: /zhome/90/f/147082/.julia/compiled/v1.10/PyCall/GkzkC_orJ9z.ji.pidfile)
  ✓ CSV
  ✓ Xorg_libXi_jll
  ✓ HarfBuzz_jll
    Pango_jll Being precompiled by another machine (hostname: n-62-31-14, pid: 2279925, pidfile: /zhome/90/f/147082/.julia/compiled/v1.10/Pango_jll/lZI8Y_orJ9z.ji.pidfile)
  ✓ libass_jll
    FFMPEG_jll Being precompiled by another machine (hostname: n-62-31-14, pid: 2280872, pidfile: /zhome/90/f/147082/.julia/compiled/v1.10/FFMPEG_jll/uSD0T_orJ9z.ji.pidfile)
  ✓ PlotUtils
    PlotThemes Being precompiled by another machine (hostname: n-62-31-14, pid: 2279925, pidfile: /zhome/90/f/147082/.julia/compiled/v1.10/PlotThemes/QxsMm_orJ9z.ji.pidfile)
  ✓ Qt6Base_jll
  ✓ Qt6ShaderTools_jll
  ✓ PyCall
  ✓ RecipesPipeline
  ✓ FFMPEG_jll
  ✓ Qt6Declarative_jll
  ✓ FFMPEG
  ✓ Qt6Wayland_jll
  ✓ Pango_jll
  ✓ DataFrames
  ✓ PlotThemes
  ✓ libdecor_jll
  ✓ GLFW_jll
  ✓ Latexify → DataFramesExt
  ✓ GR_jll
    GR Being precompiled by another machine (hostname: n-62-31-13, pid: 2118017, pidfile: /zhome/90/f/147082/.julia/compiled/v1.10/GR/NDU5Y_orJ9z.ji.pidfile)
  ✓ UnitfulLatexify
  ✓ OpenStreetMapX
    utils Being precompiled by another machine (hostname: n-62-31-13, pid: 2118008, pidfile: /zhome/90/f/147082/.julia/compiled/v1.10/utils/thX5A_orJ9z.ji.pidfile)
  ✓ utils
  ✓ offlinesolution
  ✓ GR
    Plots Being precompiled by another machine (hostname: n-62-31-13, pid: 2115671, pidfile: /zhome/90/f/147082/.julia/compiled/v1.10/Plots/ld3vC_orJ9z.ji.pidfile)
  ✓ simulationframework
  ✓ Plots
  ✓ Plots → UnitfulExt
    alns Being precompiled by another machine (hostname: n-62-28-30, pid: 2972032, pidfile: /zhome/90/f/147082/.julia/compiled/v1.10/alns/HfEzT_orJ9z.ji.pidfile)
  ✓ alns
  192 dependencies successfully precompiled in 402 seconds. 16 already precompiled.
  1 dependency had output during precompilation:
┌ LoweredCodeUtils
│  WARNING: using IR.SSAValue in module LoweredCodeUtils conflicts with an existing identifier.
│  WARNING: using IR.SlotNumber in module LoweredCodeUtils conflicts with an existing identifier.
└  
   Resolving package versions...
  No Changes to `~/.julia/environments/v1.10/Project.toml`
  No Changes to `~/.julia/environments/v1.10/Manifest.toml`
   Resolving package versions...
  No Changes to `~/.julia/environments/v1.10/Project.toml`
  No Changes to `~/.julia/environments/v1.10/Manifest.toml`
   Resolving package versions...
  No Changes to `~/.julia/environments/v1.10/Project.toml`
  No Changes to `~/.julia/environments/v1.10/Manifest.toml`
   Resolving package versions...
  No Changes to `~/.julia/environments/v1.10/Project.toml`
  No Changes to `~/.julia/environments/v1.10/Manifest.toml`
   Resolving package versions...
  No Changes to `~/.julia/environments/v1.10/Project.toml`
  No Changes to `~/.julia/environments/v1.10/Manifest.toml`
   Resolving package versions...
  No Changes to `~/.julia/environments/v1.10/Project.toml`
  No Changes to `~/.julia/environments/v1.10/Manifest.toml`
   Resolving package versions...
  No Changes to `~/.julia/environments/v1.10/Project.toml`
  No Changes to `~/.julia/environments/v1.10/Manifest.toml`
User defined signal 2

[303591] signal (3): Quit
in expression starting at /zhome/90/f/147082/MasterThesis/dataexploration/MakeAndSaveDistanceAndTimeMatrix.jl:66
