Loaded module: julia/1.10.2
  Activating project at `~/MasterThesis`
    Updating registry at `~/.julia/registries/General.toml`
   Resolving package versions...
  No Changes to `~/MasterThesis/Project.toml`
  No Changes to `~/MasterThesis/Manifest.toml`
   Resolving package versions...
  No Changes to `~/MasterThesis/Project.toml`
  No Changes to `~/MasterThesis/Manifest.toml`
   Resolving package versions...
  No Changes to `~/MasterThesis/Project.toml`
  No Changes to `~/MasterThesis/Manifest.toml`
   Resolving package versions...
  No Changes to `~/MasterThesis/Project.toml`
  No Changes to `~/MasterThesis/Manifest.toml`
   Resolving package versions...
  No Changes to `~/MasterThesis/Project.toml`
  No Changes to `~/MasterThesis/Manifest.toml`
   Resolving package versions...
  No Changes to `~/MasterThesis/Project.toml`
  No Changes to `~/MasterThesis/Manifest.toml`
   Resolving package versions...
  No Changes to `~/MasterThesis/Project.toml`
  No Changes to `~/MasterThesis/Manifest.toml`
   Resolving package versions...
  No Changes to `~/MasterThesis/Project.toml`
  No Changes to `~/MasterThesis/Manifest.toml`

[3881484] signal (2): Interrupt
in expression starting at /zhome/a7/e/146976/MasterThesis/dataexploration/MakeAndSaveDistanceAndTimeMatrix.jl:66
recv at /lib64/libc.so.6 (unknown line)
unknown function (ip: 0x7fb1c88bf89a)
unknown function (ip: 0x7fb1c88c0234)
unknown function (ip: 0x7fb1c88c0506)
unknown function (ip: 0x7fb1c88c0614)
unknown function (ip: 0x7fb1ccd433f9)
_PyEval_EvalFrameDefault at /usr/lib64/libpython3.9.so.1.0 (unknown line)
unknown function (ip: 0x7fb1ccd4160a)
PyObject_VectorcallMethod at /usr/lib64/libpython3.9.so.1.0 (unknown line)
unknown function (ip: 0x7fb1cce1dcd0)
unknown function (ip: 0x7fb1cce1da21)
unknown function (ip: 0x7fb1cce1e876)
unknown function (ip: 0x7fb1ccd505ab)
_PyEval_EvalFrameDefault at /usr/lib64/libpython3.9.so.1.0 (unknown line)
unknown function (ip: 0x7fb1ccd4160a)
_PyEval_EvalFrameDefault at /usr/lib64/libpython3.9.so.1.0 (unknown line)
unknown function (ip: 0x7fb1ccd4160a)
_PyEval_EvalFrameDefault at /usr/lib64/libpython3.9.so.1.0 (unknown line)
unknown function (ip: 0x7fb1ccd4160a)
_PyEval_EvalFrameDefault at /usr/lib64/libpython3.9.so.1.0 (unknown line)
unknown function (ip: 0x7fb1ccd2ec17)
unknown function (ip: 0x7fb1ccd4f904)
_PyEval_EvalFrameDefault at /usr/lib64/libpython3.9.so.1.0 (unknown line)
unknown function (ip: 0x7fb1ccd2ec17)
unknown function (ip: 0x7fb1ccd4f904)
_PyEval_EvalFrameDefault at /usr/lib64/libpython3.9.so.1.0 (unknown line)
unknown function (ip: 0x7fb1ccd2ec17)
unknown function (ip: 0x7fb1ccd4f904)
PyObject_Call at /usr/lib64/libpython3.9.so.1.0 (unknown line)
_PyEval_EvalFrameDefault at /usr/lib64/libpython3.9.so.1.0 (unknown line)
unknown function (ip: 0x7fb1ccd2ec17)
unknown function (ip: 0x7fb1ccd4f904)
PyObject_Call at /usr/lib64/libpython3.9.so.1.0 (unknown line)
_PyEval_EvalFrameDefault at /usr/lib64/libpython3.9.so.1.0 (unknown line)
unknown function (ip: 0x7fb1ccd2ec17)
unknown function (ip: 0x7fb1ccd4f904)
PyObject_Call at /usr/lib64/libpython3.9.so.1.0 (unknown line)
_PyEval_EvalFrameDefault at /usr/lib64/libpython3.9.so.1.0 (unknown line)
unknown function (ip: 0x7fb1ccd2ec17)
_PyFunction_Vectorcall at /usr/lib64/libpython3.9.so.1.0 (unknown line)
PyObject_Call at /usr/lib64/libpython3.9.so.1.0 (unknown line)
_PyEval_EvalFrameDefault at /usr/lib64/libpython3.9.so.1.0 (unknown line)
unknown function (ip: 0x7fb1ccd2ec17)
_PyFunction_Vectorcall at /usr/lib64/libpython3.9.so.1.0 (unknown line)
_PyEval_EvalFrameDefault at /usr/lib64/libpython3.9.so.1.0 (unknown line)
unknown function (ip: 0x7fb1ccd4160a)
macro expansion at /zhome/a7/e/146976/.julia/packages/PyCall/1gn3u/src/exception.jl:108 [inlined]
#107 at /zhome/a7/e/146976/.julia/packages/PyCall/1gn3u/src/pyfncall.jl:43 [inlined]
disable_sigint at ./c.jl:473 [inlined]
__pycall! at /zhome/a7/e/146976/.julia/packages/PyCall/1gn3u/src/pyfncall.jl:42 [inlined]
_pycall! at /zhome/a7/e/146976/.julia/packages/PyCall/1gn3u/src/pyfncall.jl:29
_pycall! at /zhome/a7/e/146976/.julia/packages/PyCall/1gn3u/src/pyfncall.jl:11
unknown function (ip: 0x7fb1da3fea10)
_jl_invoke at /cache/build/builder-amdci5-1/julialang/julia-release-1-dot-10/src/gf.c:2894 [inlined]
ijl_apply_generic at /cache/build/builder-amdci5-1/julialang/julia-release-1-dot-10/src/gf.c:3076
#_#114 at /zhome/a7/e/146976/.julia/packages/PyCall/1gn3u/src/pyfncall.jl:86
_jl_invoke at /cache/build/builder-amdci5-1/julialang/julia-release-1-dot-10/src/gf.c:2894 [inlined]
ijl_apply_generic at /cache/build/builder-amdci5-1/julialang/julia-release-1-dot-10/src/gf.c:3076
jl_apply at /cache/build/builder-amdci5-1/julialang/julia-release-1-dot-10/src/julia.h:1982 [inlined]
do_apply at /cache/build/builder-amdci5-1/julialang/julia-release-1-dot-10/src/builtins.c:768
PyObject at /zhome/a7/e/146976/.julia/packages/PyCall/1gn3u/src/pyfncall.jl:86
_jl_invoke at /cache/build/builder-amdci5-1/julialang/julia-release-1-dot-10/src/gf.c:2894 [inlined]
ijl_apply_generic at /cache/build/builder-amdci5-1/julialang/julia-release-1-dot-10/src/gf.c:3076
getDistanceAndTimeMatrixFromLocations at /zhome/a7/e/146976/MasterThesis/utils/src/DistanceUtils.jl:76
getTimeDistanceMatrix at /zhome/a7/e/146976/MasterThesis/dataexploration/MakeAndSaveDistanceAndTimeMatrix.jl:34
main at /zhome/a7/e/146976/MasterThesis/dataexploration/MakeAndSaveDistanceAndTimeMatrix.jl:63
unknown function (ip: 0x7fb1da3db582)
_jl_invoke at /cache/build/builder-amdci5-1/julialang/julia-release-1-dot-10/src/gf.c:2894 [inlined]
ijl_apply_generic at /cache/build/builder-amdci5-1/julialang/julia-release-1-dot-10/src/gf.c:3076
jl_apply at /cache/build/builder-amdci5-1/julialang/julia-release-1-dot-10/src/julia.h:1982 [inlined]
do_call at /cache/build/builder-amdci5-1/julialang/julia-release-1-dot-10/src/interpreter.c:126
eval_value at /cache/build/builder-amdci5-1/julialang/julia-release-1-dot-10/src/interpreter.c:223
eval_stmt_value at /cache/build/builder-amdci5-1/julialang/julia-release-1-dot-10/src/interpreter.c:174 [inlined]
eval_body at /cache/build/builder-amdci5-1/julialang/julia-release-1-dot-10/src/interpreter.c:617
jl_interpret_toplevel_thunk at /cache/build/builder-amdci5-1/julialang/julia-release-1-dot-10/src/interpreter.c:775
jl_toplevel_eval_flex at /cache/build/builder-amdci5-1/julialang/julia-release-1-dot-10/src/toplevel.c:934
jl_toplevel_eval_flex at /cache/build/builder-amdci5-1/julialang/julia-release-1-dot-10/src/toplevel.c:877
ijl_toplevel_eval_in at /cache/build/builder-amdci5-1/julialang/julia-release-1-dot-10/src/toplevel.c:985
eval at ./boot.jl:385 [inlined]
include_string at ./loading.jl:2076
_jl_invoke at /cache/build/builder-amdci5-1/julialang/julia-release-1-dot-10/src/gf.c:2894 [inlined]
ijl_apply_generic at /cache/build/builder-amdci5-1/julialang/julia-release-1-dot-10/src/gf.c:3076
_include at ./loading.jl:2136
include at ./Base.jl:495
jfptr_include_46403.1 at /zhome/a7/e/146976/.julia/juliaup/julia-1.10.2+0.x64.linux.gnu/lib/julia/sys.so (unknown line)
_jl_invoke at /cache/build/builder-amdci5-1/julialang/julia-release-1-dot-10/src/gf.c:2894 [inlined]
ijl_apply_generic at /cache/build/builder-amdci5-1/julialang/julia-release-1-dot-10/src/gf.c:3076
exec_options at ./client.jl:318
_start at ./client.jl:552
jfptr__start_82738.1 at /zhome/a7/e/146976/.julia/juliaup/julia-1.10.2+0.x64.linux.gnu/lib/julia/sys.so (unknown line)
_jl_invoke at /cache/build/builder-amdci5-1/julialang/julia-release-1-dot-10/src/gf.c:2894 [inlined]
ijl_apply_generic at /cache/build/builder-amdci5-1/julialang/julia-release-1-dot-10/src/gf.c:3076
jl_apply at /cache/build/builder-amdci5-1/julialang/julia-release-1-dot-10/src/julia.h:1982 [inlined]
true_main at /cache/build/builder-amdci5-1/julialang/julia-release-1-dot-10/src/jlapi.c:582
jl_repl_entrypoint at /cache/build/builder-amdci5-1/julialang/julia-release-1-dot-10/src/jlapi.c:731
main at /cache/build/builder-amdci5-1/julialang/julia-release-1-dot-10/cli/loader_exe.c:58
__libc_start_call_main at /lib64/libc.so.6 (unknown line)
__libc_start_main at /lib64/libc.so.6 (unknown line)
unknown function (ip: 0x4010b8)
unknown function (ip: (nil))
Allocations: 6800181 (Pool: 6788476; Big: 11705); GC: 11

[3881484] signal (11.1): Segmentation fault
in expression starting at /zhome/a7/e/146976/MasterThesis/dataexploration/MakeAndSaveDistanceAndTimeMatrix.jl:66
unknown function (ip: 0x7fb1ccde4b38)
unknown function (ip: 0x7fb1e5ec807f)
Allocations: 6800181 (Pool: 6788476; Big: 11705); GC: 11
/zhome/a7/e/146976/.lsbatch/1743063012.24510696.shell: line 21: 3881484 Segmentation fault      julia dataexploration/MakeAndSaveDistanceAndTimeMatrix.jl "Data/Konsentra/TransformedData_Data.csv" "Data/Konsentra/Vehicles_0.5.csv" "Konsentra_Data2_NewVehicles"
