Loaded module: julia/1.10.2
  Activating project at `~/MasterThesis`
   Resolving package versions...
  No Changes to `~/.julia/environments/v1.10/Project.toml`
  No Changes to `~/.julia/environments/v1.10/Manifest.toml`
Precompiling project...
    Unitful Being precompiled by another machine (hostname: n-62-28-35, pid: 301070, pidfile: /zhome/90/f/147082/.julia/compiled/v1.10/Unitful/5WYj5_orJ9z.ji.pidfile)
    ProtoBuf Being precompiled by another machine (hostname: n-62-28-35, pid: 301070, pidfile: /zhome/90/f/147082/.julia/compiled/v1.10/ProtoBuf/5SOUb_orJ9z.ji.pidfile)
    Parsers Being precompiled by another machine (hostname: n-62-28-35, pid: 301070, pidfile: /zhome/90/f/147082/.julia/compiled/v1.10/Parsers/833b9_orJ9z.ji.pidfile)
    JuliaInterpreter Being precompiled by another machine (hostname: n-62-28-35, pid: 301070, pidfile: /zhome/90/f/147082/.julia/compiled/v1.10/JuliaInterpreter/PliIn_orJ9z.ji.pidfile)
    StaticArrays Being precompiled by another machine (hostname: n-62-28-35, pid: 301070, pidfile: /zhome/90/f/147082/.julia/compiled/v1.10/StaticArrays/yY9vm_orJ9z.ji.pidfile)
    Expat_jll Being precompiled by another machine (hostname: n-62-28-35, pid: 301070, pidfile: /zhome/90/f/147082/.julia/compiled/v1.10/Expat_jll/4P57b_orJ9z.ji.pidfile)
    LZO_jll Being precompiled by another machine (hostname: n-62-28-35, pid: 301070, pidfile: /zhome/90/f/147082/.julia/compiled/v1.10/LZO_jll/dUj3l_orJ9z.ji.pidfile)
    Opus_jll Being precompiled by another machine (hostname: n-62-28-35, pid: 301070, pidfile: /zhome/90/f/147082/.julia/compiled/v1.10/Opus_jll/vFQVB_orJ9z.ji.pidfile)
    Xorg_xtrans_jll Being precompiled by another machine (hostname: n-62-28-35, pid: 301070, pidfile: /zhome/90/f/147082/.julia/compiled/v1.10/Xorg_xtrans_jll/xYA3D_orJ9z.ji.pidfile)
    libevdev_jll Being precompiled by another machine (hostname: n-62-28-35, pid: 301070, pidfile: /zhome/90/f/147082/.julia/compiled/v1.10/libevdev_jll/ycIBu_orJ9z.ji.pidfile)
    Libiconv_jll Being precompiled by another machine (hostname: n-62-28-35, pid: 301070, pidfile: /zhome/90/f/147082/.julia/compiled/v1.10/Libiconv_jll/ujTCF_orJ9z.ji.pidfile)
  ✓ RelocatableFolders
    Libffi_jll Being precompiled by another machine (hostname: n-62-28-35, pid: 301070, pidfile: /zhome/90/f/147082/.julia/compiled/v1.10/Libffi_jll/y4lM8_orJ9z.ji.pidfile)
  ✓ Bzip2_jll
  ✓ Pixman_jll
    Libgpg_error_jll Being precompiled by another machine (hostname: n-62-28-35, pid: 301070, pidfile: /zhome/90/f/147082/.julia/compiled/v1.10/Libgpg_error_jll/oMDEk_orJ9z.ji.pidfile)
  ✓ Xorg_libSM_jll
    Wayland_protocols_jll Being precompiled by another machine (hostname: n-62-28-35, pid: 301070, pidfile: /zhome/90/f/147082/.julia/compiled/v1.10/Wayland_protocols_jll/FwDhI_orJ9z.ji.pidfile)
  ✓ libvorbis_jll
    Xorg_libpthread_stubs_jll Being precompiled by another machine (hostname: n-62-28-35, pid: 301070, pidfile: /zhome/90/f/147082/.julia/compiled/v1.10/Xorg_libpthread_stubs_jll/Ef0AA_orJ9z.ji.pidfile)
  ✓ FreeType2_jll
    FriBidi_jll Being precompiled by another machine (hostname: n-62-28-35, pid: 301070, pidfile: /zhome/90/f/147082/.julia/compiled/v1.10/FriBidi_jll/tf6pT_orJ9z.ji.pidfile)
  ✓ ProtoBuf
    Libuuid_jll Being precompiled by another machine (hostname: n-62-28-35, pid: 301070, pidfile: /zhome/90/f/147082/.julia/compiled/v1.10/Libuuid_jll/H4xj5_orJ9z.ji.pidfile)
  ✓ Libiconv_jll
  ✓ libevdev_jll
  ✓ Xorg_xtrans_jll
  ✓ Opus_jll
  ✓ LZO_jll
  ✓ Expat_jll
  ✓ StaticArrays
    PrettyTables Being precompiled by another machine (hostname: n-62-28-35, pid: 301070, pidfile: /zhome/90/f/147082/.julia/compiled/v1.10/PrettyTables/kRdcL_orJ9z.ji.pidfile)
    LibExpat Being precompiled by another machine (hostname: n-62-31-14, pid: 2280417, pidfile: /zhome/90/f/147082/.julia/compiled/v1.10/LibExpat/MYp8o_orJ9z.ji.pidfile)
  ✓ Libffi_jll
  ✓ Libgpg_error_jll
  ✓ Wayland_protocols_jll
    Gettext_jll Being precompiled by another machine (hostname: n-62-31-14, pid: 2280512, pidfile: /zhome/90/f/147082/.julia/compiled/v1.10/Gettext_jll/l4zGN_orJ9z.ji.pidfile)
  ✓ Xorg_libpthread_stubs_jll
    ArnoldiMethod Being precompiled by another machine (hostname: n-62-28-35, pid: 301070, pidfile: /zhome/90/f/147082/.julia/compiled/v1.10/ArnoldiMethod/zP00S_orJ9z.ji.pidfile)
  ✓ FilePathsBase → FilePathsBaseMmapExt
    Xorg_xcb_util_image_jll Being precompiled by another machine (hostname: n-62-28-35, pid: 301070, pidfile: /zhome/90/f/147082/.julia/compiled/v1.10/Xorg_xcb_util_image_jll/dYB7z_orJ9z.ji.pidfile)
  ✓ SortingAlgorithms
    Xorg_xcb_util_keysyms_jll Being precompiled by another machine (hostname: n-62-28-35, pid: 301070, pidfile: /zhome/90/f/147082/.julia/compiled/v1.10/Xorg_xcb_util_keysyms_jll/J2ZCX_orJ9z.ji.pidfile)
  ✓ JLFzf
  ✓ Libtiff_jll
  ✓ eudev_jll
    Xorg_xcb_util_renderutil_jll Being precompiled by another machine (hostname: n-62-28-35, pid: 301070, pidfile: /zhome/90/f/147082/.julia/compiled/v1.10/Xorg_xcb_util_renderutil_jll/3elYg_orJ9z.ji.pidfile)
    Xorg_xcb_util_wm_jll Being precompiled by another machine (hostname: n-62-28-35, pid: 301070, pidfile: /zhome/90/f/147082/.julia/compiled/v1.10/Xorg_xcb_util_wm_jll/WgWW8_orJ9z.ji.pidfile)
    Xorg_libXrender_jll Being precompiled by another machine (hostname: n-62-28-35, pid: 301070, pidfile: /zhome/90/f/147082/.julia/compiled/v1.10/Xorg_libXrender_jll/izQY6_orJ9z.ji.pidfile)
  ✓ FriBidi_jll
    Xorg_libXext_jll Being precompiled by another machine (hostname: n-62-31-14, pid: 2280206, pidfile: /zhome/90/f/147082/.julia/compiled/v1.10/Xorg_libXext_jll/H6ltV_orJ9z.ji.pidfile)
  ✓ OpenSSL
    Xorg_libXfixes_jll Being precompiled by another machine (hostname: n-62-28-35, pid: 301070, pidfile: /zhome/90/f/147082/.julia/compiled/v1.10/Xorg_libXfixes_jll/dilDp_orJ9z.ji.pidfile)
  ✓ ColorTypes
  ✓ Xorg_libxkbfile_jll
  ✓ FilePathsBase → FilePathsBaseTestExt
  ✓ StatsBase
  ✓ libinput_jll
    HTTP Being precompiled by another machine (hostname: n-62-28-35, pid: 301070, pidfile: /zhome/90/f/147082/.julia/compiled/v1.10/HTTP/zXWya_orJ9z.ji.pidfile)
  ✓ Libuuid_jll
  ✓ JuliaInterpreter
    Colors Being precompiled by another machine (hostname: n-62-31-14, pid: 2280323, pidfile: /zhome/90/f/147082/.julia/compiled/v1.10/Colors/NKjaT_orJ9z.ji.pidfile)
  ✓ ArnoldiMethod
    Xorg_xkbcomp_jll Being precompiled by another machine (hostname: n-62-31-14, pid: 2280523, pidfile: /zhome/90/f/147082/.julia/compiled/v1.10/Xorg_xkbcomp_jll/lfGsl_orJ9z.ji.pidfile)
  ✓ Xorg_xcb_util_image_jll
    LoweredCodeUtils Being precompiled by another machine (hostname: n-62-28-35, pid: 301070, pidfile: /zhome/90/f/147082/.julia/compiled/v1.10/LoweredCodeUtils/zWkaN_orJ9z.ji.pidfile)
  ✓ Xorg_xcb_util_keysyms_jll
  ✓ Xorg_xcb_util_renderutil_jll
  ✓ Xorg_xcb_util_wm_jll
  ✓ Xorg_libXrender_jll
  ✓ LibExpat
  ✓ Xorg_libXfixes_jll
  ✓ ColorVectorSpace
  ✓ Unitful
  ✓ Parsers
    JSON Being precompiled by another machine (hostname: n-62-31-13, pid: 2117931, pidfile: /zhome/90/f/147082/.julia/compiled/v1.10/JSON/uf6oy_orJ9z.ji.pidfile)
    JSON3 Being precompiled by another machine (hostname: n-62-28-35, pid: 301070, pidfile: /zhome/90/f/147082/.julia/compiled/v1.10/JSON3/1p699_orJ9z.ji.pidfile)
    CSV Being precompiled by another machine (hostname: n-62-28-35, pid: 301070, pidfile: /zhome/90/f/147082/.julia/compiled/v1.10/CSV/HHBkp_orJ9z.ji.pidfile)
  ✓ PrettyTables
    DataFrames Being precompiled by another machine (hostname: n-62-28-35, pid: 301070, pidfile: /zhome/90/f/147082/.julia/compiled/v1.10/DataFrames/AR9oZ_orJ9z.ji.pidfile)
  ✓ Gettext_jll
  ✓ LoweredCodeUtils
    Revise Being precompiled by another machine (hostname: n-62-28-35, pid: 301070, pidfile: /zhome/90/f/147082/.julia/compiled/v1.10/Revise/M1Qoh_orJ9z.ji.pidfile)
  ✓ JSON
  ✓ JSON3
    PyCall Being precompiled by another machine (hostname: n-62-31-13, pid: 2117916, pidfile: /zhome/90/f/147082/.julia/compiled/v1.10/PyCall/GkzkC_orJ9z.ji.pidfile)
  ✓ Colors
  ✓ Revise
  ✓ Xorg_xkbcomp_jll
  ✓ Xorg_libXext_jll
    HarfBuzz_jll Being precompiled by another machine (hostname: n-62-31-14, pid: 2280498, pidfile: /zhome/90/f/147082/.julia/compiled/v1.10/HarfBuzz_jll/h60co_orJ9z.ji.pidfile)
    Qt6Base_jll Being precompiled by another machine (hostname: n-62-31-14, pid: 2280763, pidfile: /zhome/90/f/147082/.julia/compiled/v1.10/Qt6Base_jll/Lg7vK_orJ9z.ji.pidfile)
  ✓ Xorg_libXi_jll
  ✓ CSV
  ✓ PlotUtils
    PlotThemes Being precompiled by another machine (hostname: n-62-31-14, pid: 2279925, pidfile: /zhome/90/f/147082/.julia/compiled/v1.10/PlotThemes/QxsMm_orJ9z.ji.pidfile)
    RecipesPipeline Being precompiled by another machine (hostname: n-62-31-13, pid: 2115671, pidfile: /zhome/90/f/147082/.julia/compiled/v1.10/RecipesPipeline/QQIne_orJ9z.ji.pidfile)
  ✓ HTTP
    OpenStreetMapX Being precompiled by another machine (hostname: n-62-31-14, pid: 2279925, pidfile: /zhome/90/f/147082/.julia/compiled/v1.10/OpenStreetMapX/3fbUy_orJ9z.ji.pidfile)
  ✓ HarfBuzz_jll
  ✓ Qt6Base_jll
    Pango_jll Being precompiled by another machine (hostname: n-62-31-14, pid: 2279925, pidfile: /zhome/90/f/147082/.julia/compiled/v1.10/Pango_jll/lZI8Y_orJ9z.ji.pidfile)
  ✓ Qt6Wayland_jll
  ✓ PyCall
  ✓ RecipesPipeline
  ✓ Pango_jll
    GR_jll Being precompiled by another process (pid: 2972293, pidfile: /zhome/90/f/147082/.julia/compiled/v1.10/GR_jll/jV9xf_orJ9z.ji.pidfile)
  ✓ DataFrames
  ✓ PlotThemes
  ✓ GR_jll
    GR Being precompiled by another machine (hostname: n-62-31-13, pid: 2118017, pidfile: /zhome/90/f/147082/.julia/compiled/v1.10/GR/NDU5Y_orJ9z.ji.pidfile)
  ✓ OpenStreetMapX
    utils Being precompiled by another machine (hostname: n-62-31-13, pid: 2118008, pidfile: /zhome/90/f/147082/.julia/compiled/v1.10/utils/thX5A_orJ9z.ji.pidfile)
  ✓ utils
  ✓ offlinesolution
  ✓ simulationframework
  ✓ GR
    Plots Being precompiled by another machine (hostname: n-62-31-13, pid: 2115671, pidfile: /zhome/90/f/147082/.julia/compiled/v1.10/Plots/ld3vC_orJ9z.ji.pidfile)
  ✓ Plots
  ✓ Plots → UnitfulExt
  ✓ alns
  73 dependencies successfully precompiled in 364 seconds. 135 already precompiled.
   Resolving package versions...
  No Changes to `~/.julia/environments/v1.10/Project.toml`
  No Changes to `~/.julia/environments/v1.10/Manifest.toml`
Precompiling project...
  ✓ Qt6Wayland_jll
  ✓ simulationframework
  2 dependencies successfully precompiled in 4 seconds. 206 already precompiled.
   Resolving package versions...
  No Changes to `~/.julia/environments/v1.10/Project.toml`
  No Changes to `~/.julia/environments/v1.10/Manifest.toml`
   Resolving package versions...
  No Changes to `~/.julia/environments/v1.10/Project.toml`
  No Changes to `~/.julia/environments/v1.10/Manifest.toml`
   Resolving package versions...
  No Changes to `~/.julia/environments/v1.10/Project.toml`
  No Changes to `~/.julia/environments/v1.10/Manifest.toml`
   Resolving package versions...
  No Changes to `~/.julia/environments/v1.10/Project.toml`
  No Changes to `~/.julia/environments/v1.10/Manifest.toml`
   Resolving package versions...
  No Changes to `~/.julia/environments/v1.10/Project.toml`
  No Changes to `~/.julia/environments/v1.10/Manifest.toml`
   Resolving package versions...
  No Changes to `~/.julia/environments/v1.10/Project.toml`
  No Changes to `~/.julia/environments/v1.10/Manifest.toml`
User defined signal 2

[2973265] signal (3): Quit
in expression starting at /zhome/90/f/147082/MasterThesis/dataexploration/MakeAndSaveDistanceAndTimeMatrix.jl:66
