Loaded module: julia/1.10.2
  Activating project at `~/MasterThesis`
   Resolving package versions...
  No Changes to `~/.julia/environments/v1.10/Project.toml`
  No Changes to `~/.julia/environments/v1.10/Manifest.toml`
Precompiling project...
┌ Warning: attempting to remove probably stale pidfile
│   path = "/zhome/a7/e/146976/.julia/compiled/v1.10/StructTypes/yjnue_Qi9EZ.ji.pidfile"
└ @ FileWatching.Pidfile ~/.julia/juliaup/julia-1.10.2+0.x64.linux.gnu/share/julia/stdlib/v1.10/FileWatching/src/pidfile.jl:244
┌ Warning: attempting to remove probably stale pidfile
│   path = "/zhome/a7/e/146976/.julia/compiled/v1.10/WorkerUtilities/8EFUg_Qi9EZ.ji.pidfile"
└ @ FileWatching.Pidfile ~/.julia/juliaup/julia-1.10.2+0.x64.linux.gnu/share/julia/stdlib/v1.10/FileWatching/src/pidfile.jl:244
┌ Warning: attempting to remove probably stale pidfile
│   path = "/zhome/a7/e/146976/.julia/compiled/v1.10/TensorCore/wqzBb_Qi9EZ.ji.pidfile"
└ @ FileWatching.Pidfile ~/.julia/juliaup/julia-1.10.2+0.x64.linux.gnu/share/julia/stdlib/v1.10/FileWatching/src/pidfile.jl:244
┌ Warning: attempting to remove probably stale pidfile
│   path = "/zhome/a7/e/146976/.julia/compiled/v1.10/StatsAPI/Rf3YC_Qi9EZ.ji.pidfile"
└ @ FileWatching.Pidfile ~/.julia/juliaup/julia-1.10.2+0.x64.linux.gnu/share/julia/stdlib/v1.10/FileWatching/src/pidfile.jl:244
┌ Warning: attempting to remove probably stale pidfile
│   path = "/zhome/a7/e/146976/.julia/compiled/v1.10/Contour/ZECEP_Qi9EZ.ji.pidfile"
└ @ FileWatching.Pidfile ~/.julia/juliaup/julia-1.10.2+0.x64.linux.gnu/share/julia/stdlib/v1.10/FileWatching/src/pidfile.jl:244
┌ Warning: attempting to remove probably stale pidfile
│   path = "/zhome/a7/e/146976/.julia/compiled/v1.10/VersionParsing/VBbTm_Qi9EZ.ji.pidfile"
└ @ FileWatching.Pidfile ~/.julia/juliaup/julia-1.10.2+0.x64.linux.gnu/share/julia/stdlib/v1.10/FileWatching/src/pidfile.jl:244
┌ Warning: attempting to remove probably stale pidfile
│   path = "/zhome/a7/e/146976/.julia/compiled/v1.10/ConcurrentUtilities/OtIZJ_Qi9EZ.ji.pidfile"
└ @ FileWatching.Pidfile ~/.julia/juliaup/julia-1.10.2+0.x64.linux.gnu/share/julia/stdlib/v1.10/FileWatching/src/pidfile.jl:244
┌ Warning: attempting to remove probably stale pidfile
│   path = "/zhome/a7/e/146976/.julia/compiled/v1.10/Format/MRFzB_Qi9EZ.ji.pidfile"
└ @ FileWatching.Pidfile ~/.julia/juliaup/julia-1.10.2+0.x64.linux.gnu/share/julia/stdlib/v1.10/FileWatching/src/pidfile.jl:244
┌ Warning: attempting to remove probably stale pidfile
│   path = "/zhome/a7/e/146976/.julia/compiled/v1.10/Pipe/OQTzN_Qi9EZ.ji.pidfile"
└ @ FileWatching.Pidfile ~/.julia/juliaup/julia-1.10.2+0.x64.linux.gnu/share/julia/stdlib/v1.10/FileWatching/src/pidfile.jl:244
┌ Warning: attempting to remove probably stale pidfile
│   path = "/zhome/a7/e/146976/.julia/compiled/v1.10/UnPack/zm2TF_Qi9EZ.ji.pidfile"
└ @ FileWatching.Pidfile ~/.julia/juliaup/julia-1.10.2+0.x64.linux.gnu/share/julia/stdlib/v1.10/FileWatching/src/pidfile.jl:244
┌ Warning: attempting to remove probably stale pidfile
│   path = "/zhome/a7/e/146976/.julia/compiled/v1.10/Measures/RAMEy_Qi9EZ.ji.pidfile"
└ @ FileWatching.Pidfile ~/.julia/juliaup/julia-1.10.2+0.x64.linux.gnu/share/julia/stdlib/v1.10/FileWatching/src/pidfile.jl:244
┌ Warning: attempting to remove probably stale pidfile
│   path = "/zhome/a7/e/146976/.julia/compiled/v1.10/BufferedStreams/wMWKi_Qi9EZ.ji.pidfile"
└ @ FileWatching.Pidfile ~/.julia/juliaup/julia-1.10.2+0.x64.linux.gnu/share/julia/stdlib/v1.10/FileWatching/src/pidfile.jl:244
┌ Warning: attempting to remove probably stale pidfile
│   path = "/zhome/a7/e/146976/.julia/compiled/v1.10/CompilerSupportLibraries_jll/iCwSB_Qi9EZ.ji.pidfile"
└ @ FileWatching.Pidfile ~/.julia/juliaup/julia-1.10.2+0.x64.linux.gnu/share/julia/stdlib/v1.10/FileWatching/src/pidfile.jl:244
┌ Warning: attempting to remove probably stale pidfile
│   path = "/zhome/a7/e/146976/.julia/compiled/v1.10/MacroTools/38lnR_Qi9EZ.ji.pidfile"
└ @ FileWatching.Pidfile ~/.julia/juliaup/julia-1.10.2+0.x64.linux.gnu/share/julia/stdlib/v1.10/FileWatching/src/pidfile.jl:244
┌ Warning: attempting to remove probably stale pidfile
│   path = "/zhome/a7/e/146976/.julia/compiled/v1.10/Grisu/T2ZVU_Qi9EZ.ji.pidfile"
└ @ FileWatching.Pidfile ~/.julia/juliaup/julia-1.10.2+0.x64.linux.gnu/share/julia/stdlib/v1.10/FileWatching/src/pidfile.jl:244
┌ Warning: attempting to remove probably stale pidfile
│   path = "/zhome/a7/e/146976/.julia/compiled/v1.10/MbedTLS/bf9T0_Qi9EZ.ji.pidfile"
└ @ FileWatching.Pidfile ~/.julia/juliaup/julia-1.10.2+0.x64.linux.gnu/share/julia/stdlib/v1.10/FileWatching/src/pidfile.jl:244
  ✓ UnPack
  ✓ Pipe
  ✓ WorkerUtilities
┌ Warning: attempting to remove probably stale pidfile
│   path = "/zhome/a7/e/146976/.julia/compiled/v1.10/domain/tSkAj_Qi9EZ.ji.pidfile"
└ @ FileWatching.Pidfile ~/.julia/juliaup/julia-1.10.2+0.x64.linux.gnu/share/julia/stdlib/v1.10/FileWatching/src/pidfile.jl:244
┌ Warning: attempting to remove probably stale pidfile
│   path = "/zhome/a7/e/146976/.julia/compiled/v1.10/Requires/IyxeS_Qi9EZ.ji.pidfile"
└ @ FileWatching.Pidfile ~/.julia/juliaup/julia-1.10.2+0.x64.linux.gnu/share/julia/stdlib/v1.10/FileWatching/src/pidfile.jl:244
┌ Warning: attempting to remove probably stale pidfile
│   path = "/zhome/a7/e/146976/.julia/compiled/v1.10/EnumX/yh1Fz_Qi9EZ.ji.pidfile"
└ @ FileWatching.Pidfile ~/.julia/juliaup/julia-1.10.2+0.x64.linux.gnu/share/julia/stdlib/v1.10/FileWatching/src/pidfile.jl:244
  ✓ VersionParsing
  ✓ BufferedStreams
  ✓ Measures
  ✓ StatsAPI
┌ Warning: attempting to remove probably stale pidfile
│   path = "/zhome/a7/e/146976/.julia/compiled/v1.10/StableRNGs/fu6AW_Qi9EZ.ji.pidfile"
└ @ FileWatching.Pidfile ~/.julia/juliaup/julia-1.10.2+0.x64.linux.gnu/share/julia/stdlib/v1.10/FileWatching/src/pidfile.jl:244
  ✓ CompilerSupportLibraries_jll
  ✓ TensorCore
┌ Warning: attempting to remove probably stale pidfile
│   path = "/zhome/a7/e/146976/.julia/compiled/v1.10/URIs/eec2u_Qi9EZ.ji.pidfile"
└ @ FileWatching.Pidfile ~/.julia/juliaup/julia-1.10.2+0.x64.linux.gnu/share/julia/stdlib/v1.10/FileWatching/src/pidfile.jl:244
  ✓ Contour
  ✓ Grisu
  ✓ ConcurrentUtilities
┌ Warning: attempting to remove probably stale pidfile
│   path = "/zhome/a7/e/146976/.julia/compiled/v1.10/SimpleBufferStream/QbHsM_Qi9EZ.ji.pidfile"
└ @ FileWatching.Pidfile ~/.julia/juliaup/julia-1.10.2+0.x64.linux.gnu/share/julia/stdlib/v1.10/FileWatching/src/pidfile.jl:244
  ✓ StructTypes
  ✓ Format
  ✓ MbedTLS
  ✓ EnumX
  ✓ Requires
┌ Warning: attempting to remove probably stale pidfile
│   path = "/zhome/a7/e/146976/.julia/compiled/v1.10/Inflate/oRyTr_Qi9EZ.ji.pidfile"
└ @ FileWatching.Pidfile ~/.julia/juliaup/julia-1.10.2+0.x64.linux.gnu/share/julia/stdlib/v1.10/FileWatching/src/pidfile.jl:244
  ✓ domain
  ✓ StableRNGs
┌ Warning: attempting to remove probably stale pidfile
│   path = "/zhome/a7/e/146976/.julia/compiled/v1.10/BitFlags/sbYUO_Qi9EZ.ji.pidfile"
└ @ FileWatching.Pidfile ~/.julia/juliaup/julia-1.10.2+0.x64.linux.gnu/share/julia/stdlib/v1.10/FileWatching/src/pidfile.jl:244
  ✓ Unzip
  ✓ Showoff
  ✓ PtrArrays
┌ Warning: attempting to remove probably stale pidfile
│   path = "/zhome/a7/e/146976/.julia/compiled/v1.10/LoggingExtras/9fRHf_Qi9EZ.ji.pidfile"
└ @ FileWatching.Pidfile ~/.julia/juliaup/julia-1.10.2+0.x64.linux.gnu/share/julia/stdlib/v1.10/FileWatching/src/pidfile.jl:244
  ✓ URIs
  ✓ SimpleBufferStream
  ✓ DocStringExtensions
  ✓ ExceptionUnwrapping
  ✓ DelimitedFiles
  ✓ NaNMath
  ✓ onlinesolution
  ✓ BitFlags
  ✓ Inflate
  ✓ Scratch
  ✓ UnicodeFun
  ✓ IrrationalConstants
  ✓ MacroTools
  ✓ StaticArraysCore
  ✓ LoggingExtras
  ✓ JLLWrappers
  ✓ CodeTracking
  ✓ AliasTables
  ✓ RelocatableFolders
  ✓ FilePathsBase
  ✓ TranscodingStreams
  ✓ LogExpFunctions
  ✓ SimpleTraits
  ✓ RecipesBase
  ✓ Libmount_jll
  ✓ Graphite2_jll
  ✓ OpenSSL_jll
  ✓ EpollShim_jll
  ✓ Xorg_libXau_jll
  ✓ Bzip2_jll
  ✓ libfdk_aac_jll
  ✓ Xorg_libICE_jll
  ✓ libpng_jll
  ✓ LAME_jll
  ✓ fzf_jll
  ✓ Ogg_jll
  ✓ LERC_jll
  ✓ mtdev_jll
  ✓ XZ_jll
  ✓ JpegTurbo_jll
  ✓ FixedPointNumbers
  ✓ Xorg_libXdmcp_jll
  ✓ FreeType2_jll
  ✓ Latexify
  ✓ x264_jll
  ✓ x265_jll
  ✓ libaom_jll
  ✓ Opus_jll
  ✓ Expat_jll
  ✓ Libffi_jll
  ✓ libevdev_jll
  ✓ LZO_jll
  ✓ Xorg_xtrans_jll
  ✓ Zstd_jll
  ✓ Libiconv_jll
  ✓ FilePathsBase → FilePathsBaseMmapExt
  ✓ Libgpg_error_jll
  ✓ Wayland_protocols_jll
  ✓ Libuuid_jll
  ✓ Xorg_libpthread_stubs_jll
  ✓ LLVMOpenMP_jll
  ✓ CodecZlib
  ✓ gperf_jll
  ✓ FriBidi_jll
  ✓ ProtoBuf
  ✓ JLFzf
  ✓ Libgcrypt_jll
  ✓ Xorg_libSM_jll
  ✓ Dbus_jll
  ✓ XML2_jll
  ✓ Fontconfig_jll
  ✓ libvorbis_jll
  ✓ LibExpat
  ✓ Libtiff_jll
  ✓ FilePathsBase → FilePathsBaseTestExt
  ✓ Pixman_jll
  ✓ eudev_jll
  ✓ OpenSSL
  ✓ StaticArrays
  ✓ Gettext_jll
  ✓ XSLT_jll
  ✓ Wayland_jll
  ✓ ColorTypes
  ✓ StatsBase
  ✓ libinput_jll
  ✓ StaticArrays → StaticArraysStatisticsExt
  ✓ Glib_jll
  ✓ Xorg_libxcb_jll
  ✓ JuliaInterpreter
  ✓ ArnoldiMethod
  ✓ ColorVectorSpace
  ✓ Xorg_xcb_util_jll
  ✓ Xorg_libX11_jll
  ✓ Xorg_xcb_util_wm_jll
  ✓ Colors
  ✓ Xorg_xcb_util_renderutil_jll
  ✓ Xorg_xcb_util_keysyms_jll
  ✓ Xorg_xcb_util_image_jll
  ✓ Parsers
  ✓ Xorg_libXrender_jll
  ✓ Xorg_libXext_jll
  ✓ Xorg_libxkbfile_jll
  ✓ Xorg_libXfixes_jll
  ✓ Xorg_xcb_util_cursor_jll
  ✓ Xorg_libXinerama_jll
  ✓ Xorg_xkbcomp_jll
  ✓ Xorg_libXi_jll
  ✓ InlineStrings → ParsersExt
  ✓ Xorg_libXrandr_jll
  ✓ Xorg_libXcursor_jll
  ✓ Libglvnd_jll
  ✓ Cairo_jll
  ✓ Unitful
  ✓ JSON
  ✓ Xorg_xkeyboard_config_jll
  ✓ WeakRefStrings
  ✓ HarfBuzz_jll
  ✓ Graphs
  ✓ Conda
  ✓ xkbcommon_jll
  ✓ ColorSchemes
  ✓ libass_jll
  ✓ Pango_jll
  ✓ LoweredCodeUtils
  ✓ Vulkan_Loader_jll
  ✓ libdecor_jll
  ✓ JSON3
  ✓ Qt6Base_jll
  ✓ FFMPEG_jll
  ✓ HTTP
  ✓ GLFW_jll
  ✓ FFMPEG
  ✓ GR_jll
  ✓ Qt6ShaderTools_jll
  ✓ OpenStreetMapX
  ✓ Qt6Declarative_jll
  ✓ PyCall
  ✓ Revise
  ✓ PlotUtils
  ✓ CSV
  ✓ Revise → DistributedExt
  ✓ Qt6Wayland_jll
  ✓ PlotThemes
  ✓ RecipesPipeline
  ✓ GR
  ✓ DataFrames
  ✓ utils
  ✓ Latexify → DataFramesExt
  ✓ offlinesolution
  ✓ UnitfulLatexify
  ✓ simulationframework
  ✓ Plots
  ✓ Plots → UnitfulExt
  ✓ alns
  176 dependencies successfully precompiled in 149 seconds. 32 already precompiled.
  1 dependency had output during precompilation:
┌ LoweredCodeUtils
│  WARNING: using IR.SSAValue in module LoweredCodeUtils conflicts with an existing identifier.
│  WARNING: using IR.SlotNumber in module LoweredCodeUtils conflicts with an existing identifier.
└  
   Resolving package versions...
  No Changes to `~/.julia/environments/v1.10/Project.toml`
  No Changes to `~/.julia/environments/v1.10/Manifest.toml`
