Loaded module: julia/1.10.2
  Activating project at `~/MasterThesis`
   Resolving package versions...
  No Changes to `~/MasterThesis/Project.toml`
  No Changes to `~/MasterThesis/Manifest.toml`
   Resolving package versions...
  No Changes to `~/MasterThesis/Project.toml`
  No Changes to `~/MasterThesis/Manifest.toml`
   Resolving package versions...
  No Changes to `~/MasterThesis/Project.toml`
  No Changes to `~/MasterThesis/Manifest.toml`
   Resolving package versions...
  No Changes to `~/MasterThesis/Project.toml`
  No Changes to `~/MasterThesis/Manifest.toml`
   Resolving package versions...
  No Changes to `~/MasterThesis/Project.toml`
  No Changes to `~/MasterThesis/Manifest.toml`
   Resolving package versions...
  No Changes to `~/MasterThesis/Project.toml`
  No Changes to `~/MasterThesis/Manifest.toml`
   Resolving package versions...
  No Changes to `~/MasterThesis/Project.toml`
  No Changes to `~/MasterThesis/Manifest.toml`
   Resolving package versions...
  No Changes to `~/MasterThesis/Project.toml`
  No Changes to `~/MasterThesis/Manifest.toml`

[1778242] signal (2): Interrupt
in expression starting at /zhome/a7/e/146976/MasterThesis/dataexploration/MakeAndSaveDistanceAndTimeMatrix.jl:66
recv at /lib64/libc.so.6 (unknown line)
unknown function (ip: 0x7f23980f789a)
unknown function (ip: 0x7f23980f8234)
unknown function (ip: 0x7f23980f8506)
unknown function (ip: 0x7f23980f8614)
unknown function (ip: 0x7f239c5433f9)
_PyEval_EvalFrameDefault at /usr/lib64/libpython3.9.so.1.0 (unknown line)
unknown function (ip: 0x7f239c54160a)
PyObject_VectorcallMethod at /usr/lib64/libpython3.9.so.1.0 (unknown line)
unknown function (ip: 0x7f239c61dcd0)
unknown function (ip: 0x7f239c61da21)
unknown function (ip: 0x7f239c61e876)
unknown function (ip: 0x7f239c5505ab)
_PyEval_EvalFrameDefault at /usr/lib64/libpython3.9.so.1.0 (unknown line)
unknown function (ip: 0x7f239c54160a)
_PyEval_EvalFrameDefault at /usr/lib64/libpython3.9.so.1.0 (unknown line)
unknown function (ip: 0x7f239c54160a)
_PyEval_EvalFrameDefault at /usr/lib64/libpython3.9.so.1.0 (unknown line)
unknown function (ip: 0x7f239c54160a)
_PyEval_EvalFrameDefault at /usr/lib64/libpython3.9.so.1.0 (unknown line)
unknown function (ip: 0x7f239c52ec17)
unknown function (ip: 0x7f239c54f904)
_PyEval_EvalFrameDefault at /usr/lib64/libpython3.9.so.1.0 (unknown line)
unknown function (ip: 0x7f239c52ec17)
unknown function (ip: 0x7f239c54f904)
_PyEval_EvalFrameDefault at /usr/lib64/libpython3.9.so.1.0 (unknown line)
unknown function (ip: 0x7f239c52ec17)
unknown function (ip: 0x7f239c54f904)
PyObject_Call at /usr/lib64/libpython3.9.so.1.0 (unknown line)
_PyEval_EvalFrameDefault at /usr/lib64/libpython3.9.so.1.0 (unknown line)
unknown function (ip: 0x7f239c52ec17)
unknown function (ip: 0x7f239c54f904)
PyObject_Call at /usr/lib64/libpython3.9.so.1.0 (unknown line)
_PyEval_EvalFrameDefault at /usr/lib64/libpython3.9.so.1.0 (unknown line)
unknown function (ip: 0x7f239c52ec17)
unknown function (ip: 0x7f239c54f904)
PyObject_Call at /usr/lib64/libpython3.9.so.1.0 (unknown line)
_PyEval_EvalFrameDefault at /usr/lib64/libpython3.9.so.1.0 (unknown line)
unknown function (ip: 0x7f239c52ec17)
_PyFunction_Vectorcall at /usr/lib64/libpython3.9.so.1.0 (unknown line)
PyObject_Call at /usr/lib64/libpython3.9.so.1.0 (unknown line)
_PyEval_EvalFrameDefault at /usr/lib64/libpython3.9.so.1.0 (unknown line)
unknown function (ip: 0x7f239c52ec17)
_PyFunction_Vectorcall at /usr/lib64/libpython3.9.so.1.0 (unknown line)
_PyEval_EvalFrameDefault at /usr/lib64/libpython3.9.so.1.0 (unknown line)
unknown function (ip: 0x7f239c54160a)
macro expansion at /zhome/a7/e/146976/.julia/packages/PyCall/1gn3u/src/exception.jl:108 [inlined]
#107 at /zhome/a7/e/146976/.julia/packages/PyCall/1gn3u/src/pyfncall.jl:43 [inlined]
disable_sigint at ./c.jl:473 [inlined]
__pycall! at /zhome/a7/e/146976/.julia/packages/PyCall/1gn3u/src/pyfncall.jl:42 [inlined]
_pycall! at /zhome/a7/e/146976/.julia/packages/PyCall/1gn3u/src/pyfncall.jl:29
_pycall! at /zhome/a7/e/146976/.julia/packages/PyCall/1gn3u/src/pyfncall.jl:11
unknown function (ip: 0x7f23a9c34410)
_jl_invoke at /cache/build/builder-amdci5-1/julialang/julia-release-1-dot-10/src/gf.c:2894 [inlined]
ijl_apply_generic at /cache/build/builder-amdci5-1/julialang/julia-release-1-dot-10/src/gf.c:3076
#_#114 at /zhome/a7/e/146976/.julia/packages/PyCall/1gn3u/src/pyfncall.jl:86
_jl_invoke at /cache/build/builder-amdci5-1/julialang/julia-release-1-dot-10/src/gf.c:2894 [inlined]
ijl_apply_generic at /cache/build/builder-amdci5-1/julialang/julia-release-1-dot-10/src/gf.c:3076
jl_apply at /cache/build/builder-amdci5-1/julialang/julia-release-1-dot-10/src/julia.h:1982 [inlined]
do_apply at /cache/build/builder-amdci5-1/julialang/julia-release-1-dot-10/src/builtins.c:768
PyObject at /zhome/a7/e/146976/.julia/packages/PyCall/1gn3u/src/pyfncall.jl:86
_jl_invoke at /cache/build/builder-amdci5-1/julialang/julia-release-1-dot-10/src/gf.c:2894 [inlined]
ijl_apply_generic at /cache/build/builder-amdci5-1/julialang/julia-release-1-dot-10/src/gf.c:3076
getDistanceAndTimeMatrixFromLocations at /zhome/a7/e/146976/MasterThesis/utils/src/DistanceUtils.jl:76
getTimeDistanceMatrix at /zhome/a7/e/146976/MasterThesis/dataexploration/MakeAndSaveDistanceAndTimeMatrix.jl:34
main at /zhome/a7/e/146976/MasterThesis/dataexploration/MakeAndSaveDistanceAndTimeMatrix.jl:63
unknown function (ip: 0x7f23a9c0e582)
_jl_invoke at /cache/build/builder-amdci5-1/julialang/julia-release-1-dot-10/src/gf.c:2894 [inlined]
ijl_apply_generic at /cache/build/builder-amdci5-1/julialang/julia-release-1-dot-10/src/gf.c:3076
jl_apply at /cache/build/builder-amdci5-1/julialang/julia-release-1-dot-10/src/julia.h:1982 [inlined]
do_call at /cache/build/builder-amdci5-1/julialang/julia-release-1-dot-10/src/interpreter.c:126
eval_value at /cache/build/builder-amdci5-1/julialang/julia-release-1-dot-10/src/interpreter.c:223
eval_stmt_value at /cache/build/builder-amdci5-1/julialang/julia-release-1-dot-10/src/interpreter.c:174 [inlined]
eval_body at /cache/build/builder-amdci5-1/julialang/julia-release-1-dot-10/src/interpreter.c:617
jl_interpret_toplevel_thunk at /cache/build/builder-amdci5-1/julialang/julia-release-1-dot-10/src/interpreter.c:775
jl_toplevel_eval_flex at /cache/build/builder-amdci5-1/julialang/julia-release-1-dot-10/src/toplevel.c:934
jl_toplevel_eval_flex at /cache/build/builder-amdci5-1/julialang/julia-release-1-dot-10/src/toplevel.c:877
ijl_toplevel_eval_in at /cache/build/builder-amdci5-1/julialang/julia-release-1-dot-10/src/toplevel.c:985
eval at ./boot.jl:385 [inlined]
include_string at ./loading.jl:2076
_jl_invoke at /cache/build/builder-amdci5-1/julialang/julia-release-1-dot-10/src/gf.c:2894 [inlined]
ijl_apply_generic at /cache/build/builder-amdci5-1/julialang/julia-release-1-dot-10/src/gf.c:3076
_include at ./loading.jl:2136
include at ./Base.jl:495
jfptr_include_46403.1 at /zhome/a7/e/146976/.julia/juliaup/julia-1.10.2+0.x64.linux.gnu/lib/julia/sys.so (unknown line)
_jl_invoke at /cache/build/builder-amdci5-1/julialang/julia-release-1-dot-10/src/gf.c:2894 [inlined]
ijl_apply_generic at /cache/build/builder-amdci5-1/julialang/julia-release-1-dot-10/src/gf.c:3076
exec_options at ./client.jl:318
_start at ./client.jl:552
jfptr__start_82738.1 at /zhome/a7/e/146976/.julia/juliaup/julia-1.10.2+0.x64.linux.gnu/lib/julia/sys.so (unknown line)
_jl_invoke at /cache/build/builder-amdci5-1/julialang/julia-release-1-dot-10/src/gf.c:2894 [inlined]
ijl_apply_generic at /cache/build/builder-amdci5-1/julialang/julia-release-1-dot-10/src/gf.c:3076
jl_apply at /cache/build/builder-amdci5-1/julialang/julia-release-1-dot-10/src/julia.h:1982 [inlined]
true_main at /cache/build/builder-amdci5-1/julialang/julia-release-1-dot-10/src/jlapi.c:582
jl_repl_entrypoint at /cache/build/builder-amdci5-1/julialang/julia-release-1-dot-10/src/jlapi.c:731
main at /cache/build/builder-amdci5-1/julialang/julia-release-1-dot-10/cli/loader_exe.c:58
__libc_start_call_main at /lib64/libc.so.6 (unknown line)
__libc_start_main at /lib64/libc.so.6 (unknown line)
unknown function (ip: 0x4010b8)
unknown function (ip: (nil))
Allocations: 7481829 (Pool: 7469493; Big: 12336); GC: 12

[1778242] signal (11.1): Segmentation fault
in expression starting at /zhome/a7/e/146976/MasterThesis/dataexploration/MakeAndSaveDistanceAndTimeMatrix.jl:66
unknown function (ip: 0x7f239c5e4b38)
unknown function (ip: 0x7f23b56d407f)
Allocations: 7481829 (Pool: 7469493; Big: 12336); GC: 12
/zhome/a7/e/146976/.lsbatch/1743063592.24510716.shell: line 19: 1778242 Segmentation fault      julia dataexploration/MakeAndSaveDistanceAndTimeMatrix.jl "Data/Konsentra/TransformedData_06.02.csv" "Data/Konsentra/Vehicles_0.5.csv" "Konsentra_Data2_NewVehicles"
