Loaded module: julia/1.10.2
  Activating project at `~/MasterThesis`
   Resolving package versions...
  No Changes to `~/.julia/environments/v1.10/Project.toml`
  No Changes to `~/.julia/environments/v1.10/Manifest.toml`
Precompiling project...
  ✓ CommonSubexpressions
  ✓ DiffResults
  ✓ HiGHS_jll
  ✓ OpenSpecFun_jll
  ✓ CodecBzip2
  ✓ BenchmarkTools
  ✓ MutableArithmetics
  ✓ SpecialFunctions
  ✓ DiffRules
  ✓ ColorVectorSpace → SpecialFunctionsExt
  ✓ ForwardDiff
  ✓ ForwardDiff → ForwardDiffStaticArraysExt
  ✓ MathOptInterface
  ✓ HiGHS
  ✓ JuMP
  15 dependencies successfully precompiled in 72 seconds. 209 already precompiled.
   Resolving package versions...
  No Changes to `~/.julia/environments/v1.10/Project.toml`
  No Changes to `~/.julia/environments/v1.10/Manifest.toml`
   Resolving package versions...
  No Changes to `~/.julia/environments/v1.10/Project.toml`
  No Changes to `~/.julia/environments/v1.10/Manifest.toml`
   Resolving package versions...
  No Changes to `~/.julia/environments/v1.10/Project.toml`
  No Changes to `~/.julia/environments/v1.10/Manifest.toml`
   Resolving package versions...
  No Changes to `~/.julia/environments/v1.10/Project.toml`
  No Changes to `~/.julia/environments/v1.10/Manifest.toml`
   Resolving package versions...
  No Changes to `~/.julia/environments/v1.10/Project.toml`
  No Changes to `~/.julia/environments/v1.10/Manifest.toml`
   Resolving package versions...
  No Changes to `~/.julia/environments/v1.10/Project.toml`
  No Changes to `~/.julia/environments/v1.10/Manifest.toml`
   Resolving package versions...
  No Changes to `~/.julia/environments/v1.10/Project.toml`
  No Changes to `~/.julia/environments/v1.10/Manifest.toml`
