Loaded module: julia/1.10.2
  Activating project at `~/MasterThesis`
   Resolving package versions...
  No Changes to `~/.julia/environments/v1.10/Project.toml`
  No Changes to `~/.julia/environments/v1.10/Manifest.toml`
Precompiling project...
    Unitful Being precompiled by another machine (hostname: n-62-31-13, pid: 2115671, pidfile: /zhome/90/f/147082/.julia/compiled/v1.10/Unitful/5WYj5_orJ9z.ji.pidfile)
    JuliaInterpreter Being precompiled by another machine (hostname: n-62-31-13, pid: 2115671, pidfile: /zhome/90/f/147082/.julia/compiled/v1.10/JuliaInterpreter/PliIn_orJ9z.ji.pidfile)
    StaticArrays Being precompiled by another machine (hostname: n-62-31-13, pid: 2115671, pidfile: /zhome/90/f/147082/.julia/compiled/v1.10/StaticArrays/yY9vm_orJ9z.ji.pidfile)
    HTTP Being precompiled by another machine (hostname: n-62-31-13, pid: 2115671, pidfile: /zhome/90/f/147082/.julia/compiled/v1.10/HTTP/zXWya_orJ9z.ji.pidfile)
    Colors Being precompiled by another machine (hostname: n-62-31-13, pid: 2115671, pidfile: /zhome/90/f/147082/.julia/compiled/v1.10/Colors/NKjaT_orJ9z.ji.pidfile)
    ColorVectorSpace Being precompiled by another machine (hostname: n-62-31-13, pid: 2115671, pidfile: /zhome/90/f/147082/.julia/compiled/v1.10/ColorVectorSpace/7uC4N_orJ9z.ji.pidfile)
  ✓ Glib_jll
  ✓ Xorg_libxcb_jll
  ✓ Latexify → DataFramesExt
  ✓ Xorg_xcb_util_jll
    Xorg_xcb_util_wm_jll Being precompiled by another machine (hostname: n-62-31-13, pid: 2115671, pidfile: /zhome/90/f/147082/.julia/compiled/v1.10/Xorg_xcb_util_wm_jll/WgWW8_orJ9z.ji.pidfile)
  ✓ Xorg_libX11_jll
    Xorg_libXrender_jll Being precompiled by another machine (hostname: n-62-31-13, pid: 2115671, pidfile: /zhome/90/f/147082/.julia/compiled/v1.10/Xorg_libXrender_jll/izQY6_orJ9z.ji.pidfile)
    Xorg_libXext_jll Being precompiled by another machine (hostname: n-62-31-13, pid: 2115671, pidfile: /zhome/90/f/147082/.julia/compiled/v1.10/Xorg_libXext_jll/H6ltV_orJ9z.ji.pidfile)
    Xorg_libXfixes_jll Being precompiled by another machine (hostname: n-62-31-13, pid: 2115671, pidfile: /zhome/90/f/147082/.julia/compiled/v1.10/Xorg_libXfixes_jll/dilDp_orJ9z.ji.pidfile)
    Xorg_libxkbfile_jll Being precompiled by another machine (hostname: n-62-31-13, pid: 2115671, pidfile: /zhome/90/f/147082/.julia/compiled/v1.10/Xorg_libxkbfile_jll/PAhQT_orJ9z.ji.pidfile)
  ✓ Xorg_xcb_util_renderutil_jll
  ✓ Xorg_xcb_util_keysyms_jll
  ✓ Xorg_xcb_util_image_jll
    Xorg_xcb_util_cursor_jll Being precompiled by another machine (hostname: n-62-31-13, pid: 2115671, pidfile: /zhome/90/f/147082/.julia/compiled/v1.10/Xorg_xcb_util_cursor_jll/XVAgT_orJ9z.ji.pidfile)
  ✓ JSON3
  ✓ StaticArrays
  ✓ JuliaInterpreter
    LoweredCodeUtils Being precompiled by another machine (hostname: n-62-31-13, pid: 2115671, pidfile: /zhome/90/f/147082/.julia/compiled/v1.10/LoweredCodeUtils/zWkaN_orJ9z.ji.pidfile)
  ✓ ColorVectorSpace
  ✓ Colors
  ✓ StaticArrays → StaticArraysStatisticsExt
  ✓ ArnoldiMethod
  ✓ ColorSchemes
    PlotUtils Being precompiled by another machine (hostname: n-62-31-13, pid: 2115671, pidfile: /zhome/90/f/147082/.julia/compiled/v1.10/PlotUtils/YveHG_orJ9z.ji.pidfile)
  ✓ Graphs
  ✓ Unitful
  ✓ LoweredCodeUtils
    Revise Being precompiled by another machine (hostname: n-62-31-13, pid: 2115671, pidfile: /zhome/90/f/147082/.julia/compiled/v1.10/Revise/M1Qoh_orJ9z.ji.pidfile)
  ✓ HTTP
    OpenStreetMapX Being precompiled by another machine (hostname: n-62-31-13, pid: 2115671, pidfile: /zhome/90/f/147082/.julia/compiled/v1.10/OpenStreetMapX/3fbUy_orJ9z.ji.pidfile)
  ✓ UnitfulLatexify
  ✓ Xorg_xcb_util_wm_jll
  ✓ Xorg_libXrender_jll
  ✓ Xorg_libXext_jll
  ✓ Xorg_libXfixes_jll
  ✓ Xorg_libxkbfile_jll
    Cairo_jll Being precompiled by another machine (hostname: n-62-31-13, pid: 2115671, pidfile: /zhome/90/f/147082/.julia/compiled/v1.10/Cairo_jll/ouRHo_orJ9z.ji.pidfile)
    Xorg_libXi_jll Being precompiled by another machine (hostname: n-62-31-13, pid: 2115671, pidfile: /zhome/90/f/147082/.julia/compiled/v1.10/Xorg_libXi_jll/1sAS5_orJ9z.ji.pidfile)
    Libglvnd_jll Being precompiled by another machine (hostname: n-62-31-13, pid: 2115671, pidfile: /zhome/90/f/147082/.julia/compiled/v1.10/Libglvnd_jll/z0JB7_orJ9z.ji.pidfile)
    Xorg_libXinerama_jll Being precompiled by another machine (hostname: n-62-31-13, pid: 2115671, pidfile: /zhome/90/f/147082/.julia/compiled/v1.10/Xorg_libXinerama_jll/IG7Gi_orJ9z.ji.pidfile)
    Xorg_libXrandr_jll Being precompiled by another machine (hostname: n-62-31-13, pid: 2115671, pidfile: /zhome/90/f/147082/.julia/compiled/v1.10/Xorg_libXrandr_jll/UlKyO_orJ9z.ji.pidfile)
    Xorg_libXcursor_jll Being precompiled by another machine (hostname: n-62-31-13, pid: 2115671, pidfile: /zhome/90/f/147082/.julia/compiled/v1.10/Xorg_libXcursor_jll/iyuAX_orJ9z.ji.pidfile)
    Xorg_xkbcomp_jll Being precompiled by another machine (hostname: n-62-31-13, pid: 2115671, pidfile: /zhome/90/f/147082/.julia/compiled/v1.10/Xorg_xkbcomp_jll/lfGsl_orJ9z.ji.pidfile)
  ✓ Revise
  ✓ Revise → DistributedExt
  ✓ Cairo_jll
  ✓ Libglvnd_jll
  ? HarfBuzz_jll
  ✓ Xorg_libXcursor_jll
  ✓ Xorg_xcb_util_cursor_jll
OpenStreetMapX Waiting for background task / IO / timer.
[pid 2280432] waiting for IO to finish:
 Handle type        uv_handle_t->data
 fs_event           0xc64f010->0x7f4a99e1aad0
 timer              0xc8087d0->0x7f4a99e1ab00
This means that a package has started a background task or event source that has not finished running. For precompilation to complete successfully, the event source needs to be closed explicitly. See the developer documentation on fixing precompilation hangs for more help.
  ✓ Xorg_xkbcomp_jll
Pango_jll Waiting for background task / IO / timer.
[pid 2280515] waiting for IO to finish:
 Handle type        uv_handle_t->data
 fs_event           0x22e42700->0x7faf092d0580
 timer              0x22e3a550->0x7faf092d05b0
This means that a package has started a background task or event source that has not finished running. For precompilation to complete successfully, the event source needs to be closed explicitly. See the developer documentation on fixing precompilation hangs for more help.
PlotUtils Waiting for background task / IO / timer.
[pid 2280338] waiting for IO to finish:
 Handle type        uv_handle_t->data
 fs_event           0x22ad6ba0->0x7fb626152470
 timer              0x231a9f30->0x7fb6261524a0
This means that a package has started a background task or event source that has not finished running. For precompilation to complete successfully, the event source needs to be closed explicitly. See the developer documentation on fixing precompilation hangs for more help.
  ✓ Xorg_libXrandr_jll
Xorg_xkeyboard_config_jll Waiting for background task / IO / timer.
[pid 2280526] waiting for IO to finish:
 Handle type        uv_handle_t->data
 fs_event           0x838d6e0->0x7fb3b6c0d060
 timer              0x8290f40->0x7fb3b6c0d090
This means that a package has started a background task or event source that has not finished running. For precompilation to complete successfully, the event source needs to be closed explicitly. See the developer documentation on fixing precompilation hangs for more help.
  ✓ Xorg_libXinerama_jll
  ✓ Xorg_xkeyboard_config_jll
  ✓ xkbcommon_jll
  ✓ Vulkan_Loader_jll
  ✓ Qt6Base_jll
  ✓ Qt6ShaderTools_jll
  ✓ Qt6Declarative_jll
  ✓ PlotUtils
    RecipesPipeline Being precompiled by another machine (hostname: n-62-31-13, pid: 2115671, pidfile: /zhome/90/f/147082/.julia/compiled/v1.10/RecipesPipeline/QQIne_orJ9z.ji.pidfile)
  ✓ Xorg_libXi_jll
libass_jll Waiting for background task / IO / timer.
[pid 2280508] waiting for IO to finish:
 Handle type        uv_handle_t->data
 fs_event           0x2a1057f0->0x7ff8de138e80
 timer              0x29eee3c0->0x7ff8de138eb0
This means that a package has started a background task or event source that has not finished running. For precompilation to complete successfully, the event source needs to be closed explicitly. See the developer documentation on fixing precompilation hangs for more help.
  ✓ Qt6Wayland_jll
  ✓ libass_jll
PlotThemes Waiting for background task / IO / timer.
[pid 2280783] waiting for IO to finish:
 Handle type        uv_handle_t->data
 fs_event           0x138a0800->0x7f27b4404ac0
 timer              0x13589480->0x7f27b4404af0
This means that a package has started a background task or event source that has not finished running. For precompilation to complete successfully, the event source needs to be closed explicitly. See the developer documentation on fixing precompilation hangs for more help.
  ✓ FFMPEG_jll
  ✓ FFMPEG

[pid 2280417] waiting for IO to finish:
 Handle type        uv_handle_t->data
 fs_event           0x3ea87fc0->0x7fb9a5c58df0
 timer              0x3e7b2810->0x7fb9a5c58e20
This means that a package has started a background task or event source that has not finished running. For precompilation to complete successfully, the event source needs to be closed explicitly. See the developer documentation on fixing precompilation hangs for more help.
  ✓ PlotThemes
┌ Warning: Module Cairo_jll with build ID fafbfcfd-682e-8f13-000b-9ac61c4ba6e3 is missing from the cache.
│ This may mean Cairo_jll [83423d85-b0ee-5818-9007-b63ccbeb887a] does not support precompilation but is imported by a module that does.
└ @ Base loading.jl:1948
  ? Pango_jll
  ✓ libdecor_jll
  ✓ GLFW_jll
  ✓ GR_jll
  ✓ OpenStreetMapX
    utils Being precompiled by another machine (hostname: n-62-31-13, pid: 2118008, pidfile: /zhome/90/f/147082/.julia/compiled/v1.10/utils/thX5A_orJ9z.ji.pidfile)
  ✓ RecipesPipeline
  ✓ GR
    Plots Being precompiled by another machine (hostname: n-62-31-13, pid: 2115671, pidfile: /zhome/90/f/147082/.julia/compiled/v1.10/Plots/ld3vC_orJ9z.ji.pidfile)
  ✓ utils
  ✓ offlinesolution
  ✓ simulationframework
  ✓ Plots
    UnitfulExt Being precompiled by another machine (hostname: n-62-28-35, pid: 301070, pidfile: /zhome/90/f/147082/.julia/compiled/v1.10/UnitfulExt/4ishe_orJ9z.ji.pidfile)
  ✓ Plots → UnitfulExt
    alns Being precompiled by another machine (hostname: n-62-28-30, pid: 2972293, pidfile: /zhome/90/f/147082/.julia/compiled/v1.10/alns/HfEzT_orJ9z.ji.pidfile)
  ✓ alns
  60 dependencies successfully precompiled in 421 seconds. 146 already precompiled.
  2 dependencies failed but may be precompilable after restarting julia
  15 dependencies had output during precompilation:
┌ libass_jll
│  [pid 2280508] waiting for IO to finish:
│   Handle type        uv_handle_t->data
│   fs_event           0x2a1057f0->0x7ff8de138e80
│   timer              0x29eee3c0->0x7ff8de138eb0
│  This means that a package has started a background task or event source that has not finished running. For precompilation to complete successfully, the event source needs to be closed explicitly. See the developer documentation on fixing precompilation hangs for more help.
└  
┌ Xorg_libXcursor_jll
│  ┌ Warning: Module JLLWrappers with build ID fafbfcfd-f56f-03b3-000b-9ac1cfe8b8a9 is missing from the cache.
│  │ This may mean JLLWrappers [692b3bcd-3c85-4b1f-b108-f13ce0eb3210] does not support precompilation but is imported by a module that does.
│  └ @ Base loading.jl:1948
└  
┌ Xorg_xkeyboard_config_jll
│  [pid 2280526] waiting for IO to finish:
│   Handle type        uv_handle_t->data
│   fs_event           0x838d6e0->0x7fb3b6c0d060
│   timer              0x8290f40->0x7fb3b6c0d090
│  This means that a package has started a background task or event source that has not finished running. For precompilation to complete successfully, the event source needs to be closed explicitly. See the developer documentation on fixing precompilation hangs for more help.
└  
┌ Xorg_libXi_jll
│  ┌ Warning: Module JLLWrappers with build ID fafbfcfd-f56f-03b3-000b-9ac1cfe8b8a9 is missing from the cache.
│  │ This may mean JLLWrappers [692b3bcd-3c85-4b1f-b108-f13ce0eb3210] does not support precompilation but is imported by a module that does.
│  └ @ Base loading.jl:1948
└  
┌ PlotThemes
│  [pid 2280783] waiting for IO to finish:
│   Handle type        uv_handle_t->data
│   fs_event           0x138a0800->0x7f27b4404ac0
│   timer              0x13589480->0x7f27b4404af0
│  This means that a package has started a background task or event source that has not finished running. For precompilation to complete successfully, the event source needs to be closed explicitly. See the developer documentation on fixing precompilation hangs for more help.
└  
┌ Libglvnd_jll
│  ┌ Warning: Module JLLWrappers with build ID fafbfcfd-f56f-03b3-000b-9ac1cfe8b8a9 is missing from the cache.
│  │ This may mean JLLWrappers [692b3bcd-3c85-4b1f-b108-f13ce0eb3210] does not support precompilation but is imported by a module that does.
│  └ @ Base loading.jl:1948
└  
┌ Xorg_xkbcomp_jll
│  ┌ Warning: Module JLLWrappers with build ID fafbfcfd-f56f-03b3-000b-9ac1cfe8b8a9 is missing from the cache.
│  │ This may mean JLLWrappers [692b3bcd-3c85-4b1f-b108-f13ce0eb3210] does not support precompilation but is imported by a module that does.
│  └ @ Base loading.jl:1948
└  
┌ HarfBuzz_jll
│  ┌ Warning: The call to compilecache failed to create a usable precompiled cache file for Fontconfig_jll [a3f928ae-7b40-5064-980b-68af3947d34b]
│  │   exception = Required dependency Bzip2_jll [6e34b625-4abd-537c-b88f-471c36dfa7a0] failed to load from a cache file.
│  └ @ Base loading.jl:1992
└  
┌ Xorg_libXinerama_jll
│  ┌ Warning: Module JLLWrappers with build ID fafbfcfd-f56f-03b3-000b-9ac1cfe8b8a9 is missing from the cache.
│  │ This may mean JLLWrappers [692b3bcd-3c85-4b1f-b108-f13ce0eb3210] does not support precompilation but is imported by a module that does.
│  └ @ Base loading.jl:1948
└  
┌ OpenStreetMapX
│  [pid 2280432] waiting for IO to finish:
│   Handle type        uv_handle_t->data
│   fs_event           0xc64f010->0x7f4a99e1aad0
│   timer              0xc8087d0->0x7f4a99e1ab00
│  This means that a package has started a background task or event source that has not finished running. For precompilation to complete successfully, the event source needs to be closed explicitly. See the developer documentation on fixing precompilation hangs for more help.
│  
│  [pid 2280417] waiting for IO to finish:
│   Handle type        uv_handle_t->data
│   fs_event           0x3ea87fc0->0x7fb9a5c58df0
│   timer              0x3e7b2810->0x7fb9a5c58e20
│  This means that a package has started a background task or event source that has not finished running. For precompilation to complete successfully, the event source needs to be closed explicitly. See the developer documentation on fixing precompilation hangs for more help.
└  
┌ Pango_jll
│  [pid 2280515] waiting for IO to finish:
│   Handle type        uv_handle_t->data
│   fs_event           0x22e42700->0x7faf092d0580
│   timer              0x22e3a550->0x7faf092d05b0
│  This means that a package has started a background task or event source that has not finished running. For precompilation to complete successfully, the event source needs to be closed explicitly. See the developer documentation on fixing precompilation hangs for more help.
│  ┌ Warning: Module Cairo_jll with build ID fafbfcfd-682e-8f13-000b-9ac61c4ba6e3 is missing from the cache.
│  │ This may mean Cairo_jll [83423d85-b0ee-5818-9007-b63ccbeb887a] does not support precompilation but is imported by a module that does.
│  └ @ Base loading.jl:1948
└  
┌ Cairo_jll
│  ┌ Warning: Module JLLWrappers with build ID fafbfcfd-f56f-03b3-000b-9ac1cfe8b8a9 is missing from the cache.
│  │ This may mean JLLWrappers [692b3bcd-3c85-4b1f-b108-f13ce0eb3210] does not support precompilation but is imported by a module that does.
│  └ @ Base loading.jl:1948
└  
┌ PlotUtils
│  [pid 2280338] waiting for IO to finish:
│   Handle type        uv_handle_t->data
│   fs_event           0x22ad6ba0->0x7fb626152470
│   timer              0x231a9f30->0x7fb6261524a0
│  This means that a package has started a background task or event source that has not finished running. For precompilation to complete successfully, the event source needs to be closed explicitly. See the developer documentation on fixing precompilation hangs for more help.
└  
┌ Xorg_xcb_util_cursor_jll
│  ┌ Warning: Module JLLWrappers with build ID fafbfcfd-f56f-03b3-000b-9ac1cfe8b8a9 is missing from the cache.
│  │ This may mean JLLWrappers [692b3bcd-3c85-4b1f-b108-f13ce0eb3210] does not support precompilation but is imported by a module that does.
│  └ @ Base loading.jl:1948
└  
┌ Xorg_libXrandr_jll
│  ┌ Warning: Module JLLWrappers with build ID fafbfcfd-f56f-03b3-000b-9ac1cfe8b8a9 is missing from the cache.
│  │ This may mean JLLWrappers [692b3bcd-3c85-4b1f-b108-f13ce0eb3210] does not support precompilation but is imported by a module that does.
│  └ @ Base loading.jl:1948
└  
   Resolving package versions...
  No Changes to `~/.julia/environments/v1.10/Project.toml`
  No Changes to `~/.julia/environments/v1.10/Manifest.toml`
   Resolving package versions...
  No Changes to `~/.julia/environments/v1.10/Project.toml`
  No Changes to `~/.julia/environments/v1.10/Manifest.toml`
   Resolving package versions...
  No Changes to `~/.julia/environments/v1.10/Project.toml`
  No Changes to `~/.julia/environments/v1.10/Manifest.toml`
   Resolving package versions...
  No Changes to `~/.julia/environments/v1.10/Project.toml`
  No Changes to `~/.julia/environments/v1.10/Manifest.toml`
   Resolving package versions...
  No Changes to `~/.julia/environments/v1.10/Project.toml`
  No Changes to `~/.julia/environments/v1.10/Manifest.toml`
   Resolving package versions...
  No Changes to `~/.julia/environments/v1.10/Project.toml`
  No Changes to `~/.julia/environments/v1.10/Manifest.toml`
   Resolving package versions...
  No Changes to `~/.julia/environments/v1.10/Project.toml`
  No Changes to `~/.julia/environments/v1.10/Manifest.toml`
User defined signal 2

[2282110] signal (3): Quit
in expression starting at /zhome/90/f/147082/MasterThesis/dataexploration/MakeAndSaveDistanceAndTimeMatrix.jl:66
