Loaded module: julia/1.10.2
  Activating project at `~/MasterThesis`
   Resolving package versions...
  No Changes to `~/MasterThesis/Project.toml`
  No Changes to `~/MasterThesis/Manifest.toml`
Precompiling project...
  ✓ utils
  ✓ offlinesolution
  ✓ simulationframework
  ✓ alns
  4 dependencies successfully precompiled in 30 seconds. 321 already precompiled.
   Resolving package versions...
  No Changes to `~/MasterThesis/Project.toml`
  No Changes to `~/MasterThesis/Manifest.toml`
   Resolving package versions...
  No Changes to `~/MasterThesis/Project.toml`
  No Changes to `~/MasterThesis/Manifest.toml`
   Resolving package versions...
  No Changes to `~/MasterThesis/Project.toml`
  No Changes to `~/MasterThesis/Manifest.toml`
   Resolving package versions...
  No Changes to `~/MasterThesis/Project.toml`
  No Changes to `~/MasterThesis/Manifest.toml`
   Resolving package versions...
  No Changes to `~/MasterThesis/Project.toml`
  No Changes to `~/MasterThesis/Manifest.toml`
   Resolving package versions...
  No Changes to `~/MasterThesis/Project.toml`
  No Changes to `~/MasterThesis/Manifest.toml`
   Resolving package versions...
  No Changes to `~/MasterThesis/Project.toml`
  No Changes to `~/MasterThesis/Manifest.toml`
