Loaded module: julia/1.10.2
  Activating project at `~/MasterThesis`
   Resolving package versions...
  No Changes to `~/.julia/environments/v1.10/Project.toml`
  No Changes to `~/.julia/environments/v1.10/Manifest.toml`
Precompiling project...
    Unitful Being precompiled by another machine (hostname: n-62-28-35, pid: 301070, pidfile: /zhome/90/f/147082/.julia/compiled/v1.10/Unitful/5WYj5_orJ9z.ji.pidfile)
    Parsers Being precompiled by another machine (hostname: n-62-28-35, pid: 301070, pidfile: /zhome/90/f/147082/.julia/compiled/v1.10/Parsers/833b9_orJ9z.ji.pidfile)
    PrettyTables Being precompiled by another machine (hostname: n-62-28-35, pid: 301070, pidfile: /zhome/90/f/147082/.julia/compiled/v1.10/PrettyTables/kRdcL_orJ9z.ji.pidfile)
    LoweredCodeUtils Being precompiled by another machine (hostname: n-62-28-35, pid: 301070, pidfile: /zhome/90/f/147082/.julia/compiled/v1.10/LoweredCodeUtils/zWkaN_orJ9z.ji.pidfile)
    LibExpat Being precompiled by another machine (hostname: n-62-31-14, pid: 2280417, pidfile: /zhome/90/f/147082/.julia/compiled/v1.10/LibExpat/MYp8o_orJ9z.ji.pidfile)
    HTTP Being precompiled by another machine (hostname: n-62-28-35, pid: 301070, pidfile: /zhome/90/f/147082/.julia/compiled/v1.10/HTTP/zXWya_orJ9z.ji.pidfile)
    Gettext_jll Being precompiled by another machine (hostname: n-62-31-14, pid: 2280512, pidfile: /zhome/90/f/147082/.julia/compiled/v1.10/Gettext_jll/l4zGN_orJ9z.ji.pidfile)
    Colors Being precompiled by another machine (hostname: n-62-31-14, pid: 2280323, pidfile: /zhome/90/f/147082/.julia/compiled/v1.10/Colors/NKjaT_orJ9z.ji.pidfile)
    Graphs Being precompiled by another machine (hostname: n-62-28-35, pid: 301070, pidfile: /zhome/90/f/147082/.julia/compiled/v1.10/Graphs/VJ6vx_orJ9z.ji.pidfile)
    Xorg_libXext_jll Being precompiled by another machine (hostname: n-62-31-14, pid: 2280206, pidfile: /zhome/90/f/147082/.julia/compiled/v1.10/Xorg_libXext_jll/H6ltV_orJ9z.ji.pidfile)
    Xorg_xkbcomp_jll Being precompiled by another machine (hostname: n-62-31-14, pid: 2280523, pidfile: /zhome/90/f/147082/.julia/compiled/v1.10/Xorg_xkbcomp_jll/lfGsl_orJ9z.ji.pidfile)
  ✓ ColorVectorSpace
  ✓ Unitful
  ✓ Parsers
    JSON Being precompiled by another machine (hostname: n-62-31-13, pid: 2117931, pidfile: /zhome/90/f/147082/.julia/compiled/v1.10/JSON/uf6oy_orJ9z.ji.pidfile)
    JSON3 Being precompiled by another machine (hostname: n-62-28-35, pid: 301070, pidfile: /zhome/90/f/147082/.julia/compiled/v1.10/JSON3/1p699_orJ9z.ji.pidfile)
  ✓ LibExpat
  ✓ LoweredCodeUtils
    CSV Being precompiled by another machine (hostname: n-62-28-35, pid: 301070, pidfile: /zhome/90/f/147082/.julia/compiled/v1.10/CSV/HHBkp_orJ9z.ji.pidfile)
    Revise Being precompiled by another machine (hostname: n-62-28-35, pid: 301070, pidfile: /zhome/90/f/147082/.julia/compiled/v1.10/Revise/M1Qoh_orJ9z.ji.pidfile)
  ✓ Graphs
  ✓ Gettext_jll
    Glib_jll Being precompiled by another machine (hostname: n-62-28-35, pid: 301070, pidfile: /zhome/90/f/147082/.julia/compiled/v1.10/Glib_jll/S5dsb_orJ9z.ji.pidfile)
  ✓ Xorg_libXext_jll
    Xorg_libXi_jll Being precompiled by another machine (hostname: n-62-31-14, pid: 2279925, pidfile: /zhome/90/f/147082/.julia/compiled/v1.10/Xorg_libXi_jll/1sAS5_orJ9z.ji.pidfile)
    Xorg_libXinerama_jll Being precompiled by another machine (hostname: n-62-31-14, pid: 2279925, pidfile: /zhome/90/f/147082/.julia/compiled/v1.10/Xorg_libXinerama_jll/IG7Gi_orJ9z.ji.pidfile)
  ✓ Xorg_libXrandr_jll
  ✓ Libglvnd_jll
  ✓ PrettyTables
  ✓ JSON3
    DataFrames Being precompiled by another machine (hostname: n-62-28-35, pid: 301070, pidfile: /zhome/90/f/147082/.julia/compiled/v1.10/DataFrames/AR9oZ_orJ9z.ji.pidfile)
  ✓ Revise
  ✓ Colors
  ✓ Glib_jll
    ColorSchemes Being precompiled by another machine (hostname: n-62-28-35, pid: 301070, pidfile: /zhome/90/f/147082/.julia/compiled/v1.10/ColorSchemes/EO5fj_orJ9z.ji.pidfile)
    HarfBuzz_jll Being precompiled by another machine (hostname: n-62-31-14, pid: 2280498, pidfile: /zhome/90/f/147082/.julia/compiled/v1.10/HarfBuzz_jll/h60co_orJ9z.ji.pidfile)
  ✓ Xorg_libXinerama_jll
  ✓ Xorg_xkbcomp_jll
  ✓ JSON
  ✓ Xorg_xkeyboard_config_jll
  ✓ Conda
    PyCall Being precompiled by another machine (hostname: n-62-31-13, pid: 2117916, pidfile: /zhome/90/f/147082/.julia/compiled/v1.10/PyCall/GkzkC_orJ9z.ji.pidfile)
  ✓ xkbcommon_jll
  ✓ Vulkan_Loader_jll
    Qt6Base_jll Being precompiled by another machine (hostname: n-62-31-14, pid: 2280763, pidfile: /zhome/90/f/147082/.julia/compiled/v1.10/Qt6Base_jll/Lg7vK_orJ9z.ji.pidfile)
  ✓ CSV
  ✓ ColorSchemes
    PlotUtils Being precompiled by another process (pid: 2972032, pidfile: /zhome/90/f/147082/.julia/compiled/v1.10/PlotUtils/YveHG_orJ9z.ji.pidfile)
  ✓ Xorg_libXi_jll
  ✓ Qt6Base_jll
  ✓ Qt6ShaderTools_jll
  ✓ Qt6Declarative_jll
  ✓ Qt6Wayland_jll
  ✓ HarfBuzz_jll
    Pango_jll Being precompiled by another machine (hostname: n-62-31-14, pid: 2279925, pidfile: /zhome/90/f/147082/.julia/compiled/v1.10/Pango_jll/lZI8Y_orJ9z.ji.pidfile)
  ✓ FFMPEG_jll
  ✓ PyCall
  ✓ PlotUtils
    PlotThemes Being precompiled by another machine (hostname: n-62-31-14, pid: 2279925, pidfile: /zhome/90/f/147082/.julia/compiled/v1.10/PlotThemes/QxsMm_orJ9z.ji.pidfile)
    RecipesPipeline Being precompiled by another machine (hostname: n-62-28-35, pid: 301070, pidfile: /zhome/90/f/147082/.julia/compiled/v1.10/RecipesPipeline/QQIne_orJ9z.ji.pidfile)
  ✓ FFMPEG
  ✓ HTTP
    OpenStreetMapX Being precompiled by another machine (hostname: n-62-31-14, pid: 2279925, pidfile: /zhome/90/f/147082/.julia/compiled/v1.10/OpenStreetMapX/3fbUy_orJ9z.ji.pidfile)
  ✓ Pango_jll
  ✓ libdecor_jll
  ✓ GLFW_jll
  ✓ RecipesPipeline
  ✓ GR_jll
  ✓ OpenStreetMapX
  ✓ GR
  ✓ DataFrames
    utils Being precompiled by another machine (hostname: n-62-31-13, pid: 2118008, pidfile: /zhome/90/f/147082/.julia/compiled/v1.10/utils/thX5A_orJ9z.ji.pidfile)
    UnitfulLatexify Being precompiled by another machine (hostname: n-62-28-35, pid: 301070, pidfile: /zhome/90/f/147082/.julia/compiled/v1.10/UnitfulLatexify/trCzg_orJ9z.ji.pidfile)
  ✓ PlotThemes
  ✓ UnitfulLatexify
    Plots Being precompiled by another machine (hostname: n-62-31-13, pid: 2115671, pidfile: /zhome/90/f/147082/.julia/compiled/v1.10/Plots/ld3vC_orJ9z.ji.pidfile)
  ✓ utils
  ✓ offlinesolution
  ✓ simulationframework
  ✓ Plots
    UnitfulExt Being precompiled by another machine (hostname: n-62-28-35, pid: 301070, pidfile: /zhome/90/f/147082/.julia/compiled/v1.10/UnitfulExt/4ishe_orJ9z.ji.pidfile)
  ✓ Plots → UnitfulExt
  ✓ alns
  51 dependencies successfully precompiled in 352 seconds. 157 already precompiled.
   Resolving package versions...
  No Changes to `~/.julia/environments/v1.10/Project.toml`
  No Changes to `~/.julia/environments/v1.10/Manifest.toml`
   Resolving package versions...
  No Changes to `~/.julia/environments/v1.10/Project.toml`
  No Changes to `~/.julia/environments/v1.10/Manifest.toml`
   Resolving package versions...
  No Changes to `~/.julia/environments/v1.10/Project.toml`
  No Changes to `~/.julia/environments/v1.10/Manifest.toml`
   Resolving package versions...
  No Changes to `~/.julia/environments/v1.10/Project.toml`
  No Changes to `~/.julia/environments/v1.10/Manifest.toml`
   Resolving package versions...
  No Changes to `~/.julia/environments/v1.10/Project.toml`
  No Changes to `~/.julia/environments/v1.10/Manifest.toml`
   Resolving package versions...
  No Changes to `~/.julia/environments/v1.10/Project.toml`
  No Changes to `~/.julia/environments/v1.10/Manifest.toml`
   Resolving package versions...
  No Changes to `~/.julia/environments/v1.10/Project.toml`
  No Changes to `~/.julia/environments/v1.10/Manifest.toml`
User defined signal 2

[2973259] signal (3): Quit
in expression starting at /zhome/90/f/147082/MasterThesis/dataexploration/MakeAndSaveDistanceAndTimeMatrix.jl:66
