Loaded module: julia/1.10.2
  Activating project at `~/MasterThesis`
   Resolving package versions...
  No Changes to `~/.julia/environments/v1.10/Project.toml`
  No Changes to `~/.julia/environments/v1.10/Manifest.toml`
Precompiling project...
  ✓ TensorCore
  ✓ Contour
  ✓ Pipe
  ✓ EnumX
  ✓ Requires
  ✓ StatsAPI
  ✓ StableRNGs
  ✓ BufferedStreams
  ✓ Unzip
  ✓ Measures
  ✓ DocStringExtensions
  ✓ StructTypes
  ✓ ConcurrentUtilities
  ✓ Grisu
  ✓ MbedTLS
  ✓ SimpleBufferStream
  ✓ Format
  ✓ PtrArrays
  ✓ ExceptionUnwrapping
  ✓ DelimitedFiles
  ✓ onlinesolution
  ✓ Inflate
  ✓ URIs
  ✓ Scratch
  ✓ NaNMath
  ✓ StaticArraysCore
  ✓ IrrationalConstants
  ✓ BitFlags
  ✓ UnicodeFun
  ✓ Showoff
  ✓ RelocatableFolders
  ✓ CodeTracking
  ✓ SimpleTraits
  ✓ JLLWrappers
  ✓ LoggingExtras
  ✓ AliasTables
  ✓ FilePathsBase → FilePathsBaseTestExt
  ✓ LogExpFunctions
  ✓ EpollShim_jll
  ✓ Graphite2_jll
  ✓ OpenSSL_jll
  ✓ Libmount_jll
  ✓ LLVMOpenMP_jll
  ✓ Bzip2_jll
  ✓ RecipesBase
  ✓ Xorg_libICE_jll
  ✓ Xorg_libXau_jll
  ✓ libpng_jll
  ✓ libfdk_aac_jll
  ✓ fzf_jll
  ✓ LERC_jll
  ✓ JpegTurbo_jll
  ✓ LAME_jll
  ✓ gperf_jll
  ✓ mtdev_jll
  ✓ Ogg_jll
  ✓ XZ_jll
  ✓ Xorg_libXdmcp_jll
  ✓ x265_jll
  ✓ FixedPointNumbers
  ✓ Zstd_jll
  ✓ libaom_jll
  ✓ x264_jll
  ✓ Expat_jll
  ✓ LZO_jll
  ✓ Latexify
  ✓ Opus_jll
  ✓ Libiconv_jll
  ✓ Xorg_xtrans_jll
  ✓ Libffi_jll
  ✓ Wayland_protocols_jll
  ✓ libevdev_jll
  ✓ Libuuid_jll
  ✓ Libgpg_error_jll
  ✓ FriBidi_jll
  ✓ Xorg_libpthread_stubs_jll
  ✓ Pixman_jll
  ✓ FreeType2_jll
  ✓ Xorg_libSM_jll
  ✓ ProtoBuf
  ✓ eudev_jll
  ✓ JLFzf
  ✓ libvorbis_jll
  ✓ Libtiff_jll
  ✓ Dbus_jll
  ✓ LibExpat
  ✓ Libgcrypt_jll
  ✓ XML2_jll
  ✓ libinput_jll
  ✓ Fontconfig_jll
  ✓ OpenSSL
  ✓ StatsBase
  ✓ ColorTypes
  ✓ Gettext_jll
  ✓ XSLT_jll
  ✓ Wayland_jll
  ✓ Glib_jll
  ✓ JSON3
  ✓ Latexify → DataFramesExt
  ✓ Xorg_libxcb_jll
  ✓ StaticArrays
  ✓ Latexify → SparseArraysExt
  ✓ Xorg_xcb_util_jll
  ✓ Xorg_libX11_jll
  ✓ ColorVectorSpace
  ✓ StaticArrays → StaticArraysStatisticsExt
  ✓ Xorg_xcb_util_renderutil_jll
  ✓ Xorg_xcb_util_image_jll
  ✓ Xorg_xcb_util_keysyms_jll
  ✓ ArnoldiMethod
  ✓ Colors
  ✓ JuliaInterpreter
  ✓ ColorSchemes
  ✓ Graphs
Xorg_libXrender_jll Waiting for background task / IO / timer.
[pid 2117175] waiting for IO to finish:
 Handle type        uv_handle_t->data
 fs_event           0x6ea0c90->0x7f0aa5425840
 timer              0x698cfa0->0x7f0aa5425870
This means that a package has started a background task or event source that has not finished running. For precompilation to complete successfully, the event source needs to be closed explicitly. See the developer documentation on fixing precompilation hangs for more help.
Xorg_libxkbfile_jll Waiting for background task / IO / timer.
[pid 2117184] waiting for IO to finish:
 Handle type        uv_handle_t->data
 fs_event           0x3ff58020->0x7f5d83d595a0
 timer              0x4006bd90->0x7f5d83d595d0
This means that a package has started a background task or event source that has not finished running. For precompilation to complete successfully, the event source needs to be closed explicitly. See the developer documentation on fixing precompilation hangs for more help.
Xorg_xcb_util_wm_jll Waiting for background task / IO / timer.
[pid 2117171] waiting for IO to finish:
 Handle type        uv_handle_t->data
 fs_event           0x1d71ba60->0x7ff35935c3d0
 timer              0x1d79a110->0x7ff35935c400
This means that a package has started a background task or event source that has not finished running. For precompilation to complete successfully, the event source needs to be closed explicitly. See the developer documentation on fixing precompilation hangs for more help.
Xorg_libXfixes_jll Waiting for background task / IO / timer.
[pid 2117181] waiting for IO to finish:
 Handle type        uv_handle_t->data
 fs_event           0x233f40a0->0x7f070b87d5a0
 timer              0x234be7e0->0x7f070b87d5d0
This means that a package has started a background task or event source that has not finished running. For precompilation to complete successfully, the event source needs to be closed explicitly. See the developer documentation on fixing precompilation hangs for more help.
Xorg_libXext_jll Waiting for background task / IO / timer.
[pid 2117177] waiting for IO to finish:
 Handle type        uv_handle_t->data
 fs_event           0x3b0513d0->0x7fc2250215a0
 timer              0x3b152fe0->0x7fc2250215d0
This means that a package has started a background task or event source that has not finished running. For precompilation to complete successfully, the event source needs to be closed explicitly. See the developer documentation on fixing precompilation hangs for more help.
Xorg_xcb_util_cursor_jll Waiting for background task / IO / timer.
[pid 2117234] waiting for IO to finish:
 Handle type        uv_handle_t->data
 fs_event           0x8e81990->0x7f67ffee1a20
 timer              0x8f63990->0x7f67ffee1a50
This means that a package has started a background task or event source that has not finished running. For precompilation to complete successfully, the event source needs to be closed explicitly. See the developer documentation on fixing precompilation hangs for more help.
  ✓ LoweredCodeUtils
  ✓ Unitful
  ✓ HTTP
  ✓ UnitfulLatexify
  ✓ PlotUtils
  ✓ Xorg_libxkbfile_jll
  ✓ Xorg_libXrender_jll
  ✓ Xorg_xcb_util_wm_jll
  ✓ Xorg_libXext_jll
  ✓ Xorg_libXfixes_jll
  ✓ Revise
  ✓ Xorg_libXrandr_jll
  ✓ Xorg_xcb_util_cursor_jll
  ✓ Libglvnd_jll
  ✓ Xorg_libXinerama_jll
  ✓ Xorg_xkbcomp_jll
  ✓ Xorg_libXi_jll
  ✓ Xorg_libXcursor_jll
  ✓ Cairo_jll
  ✓ Revise → DistributedExt
  ✓ Xorg_xkeyboard_config_jll
  ✓ HarfBuzz_jll
  ✓ xkbcommon_jll
  ✓ libass_jll
  ✓ Pango_jll
  ✓ Vulkan_Loader_jll
  ✓ libdecor_jll
  ✓ FFMPEG_jll
  ✓ Qt6Base_jll
  ✓ GLFW_jll
  ✓ FFMPEG
  ✓ Qt6ShaderTools_jll
  ✓ GR_jll
OpenStreetMapX Waiting for background task / IO / timer.
[pid 2117400] waiting for IO to finish:
 Handle type        uv_handle_t->data
 fs_event           0x80237a0->0x7fb980a54fa0
 timer              0x801ca80->0x7fb980a54fd0
This means that a package has started a background task or event source that has not finished running. For precompilation to complete successfully, the event source needs to be closed explicitly. See the developer documentation on fixing precompilation hangs for more help.
  ✓ Qt6Declarative_jll
  ? PlotThemes
  ? Qt6Wayland_jll
  ✓ OpenStreetMapX
utils Waiting for background task / IO / timer.
[pid 2117934] waiting for IO to finish:
 Handle type        uv_handle_t->data
 fs_event           0x2660eee0->0x7fa842a65960
 timer              0x2646bc60->0x7fa842a65990
This means that a package has started a background task or event source that has not finished running. For precompilation to complete successfully, the event source needs to be closed explicitly. See the developer documentation on fixing precompilation hangs for more help.
  ? GR
┌ Warning: The call to compilecache failed to create a usable precompiled cache file for PyCall [438e738f-606a-5dbb-bf0a-cddfbfd45ab0]
│   exception = Required dependency JSON [682c06a0-de6a-54ab-a142-c8b1cf79cde6] failed to load from a cache file.
└ @ Base loading.jl:1992
  ? utils
  ? RecipesPipeline
offlinesolution Waiting for background task / IO / timer.
[pid 2118011] waiting for IO to finish:
 Handle type        uv_handle_t->data
 fs_event           0x22dee2d0->0x7f36df687df0
 timer              0x230edf70->0x7f36df687e20
This means that a package has started a background task or event source that has not finished running. For precompilation to complete successfully, the event source needs to be closed explicitly. See the developer documentation on fixing precompilation hangs for more help.
Plots Waiting for background task / IO / timer.
[pid 2118022] waiting for IO to finish:
 Handle type        uv_handle_t->data
 fs_event           0x2c8f2230->0x7f1bc18554b0
 timer              0x2c5590e0->0x7f1bc18554e0
This means that a package has started a background task or event source that has not finished running. For precompilation to complete successfully, the event source needs to be closed explicitly. See the developer documentation on fixing precompilation hangs for more help.
  ✓ offlinesolution
  ✓ simulationframework
  ✓ Plots
  ✓ Plots → UnitfulExt
  ✓ alns
  154 dependencies successfully precompiled in 291 seconds. 49 already precompiled.
  5 dependencies failed but may be precompilable after restarting julia
  15 dependencies had output during precompilation:
┌ utils
│  [pid 2117934] waiting for IO to finish:
│   Handle type        uv_handle_t->data
│   fs_event           0x2660eee0->0x7fa842a65960
│   timer              0x2646bc60->0x7fa842a65990
│  This means that a package has started a background task or event source that has not finished running. For precompilation to complete successfully, the event source needs to be closed explicitly. See the developer documentation on fixing precompilation hangs for more help.
│  ┌ Warning: The call to compilecache failed to create a usable precompiled cache file for PyCall [438e738f-606a-5dbb-bf0a-cddfbfd45ab0]
│  │   exception = Required dependency JSON [682c06a0-de6a-54ab-a142-c8b1cf79cde6] failed to load from a cache file.
│  └ @ Base loading.jl:1992
└  
┌ Xorg_libXfixes_jll
│  [pid 2117181] waiting for IO to finish:
│   Handle type        uv_handle_t->data
│   fs_event           0x233f40a0->0x7f070b87d5a0
│   timer              0x234be7e0->0x7f070b87d5d0
│  This means that a package has started a background task or event source that has not finished running. For precompilation to complete successfully, the event source needs to be closed explicitly. See the developer documentation on fixing precompilation hangs for more help.
└  
┌ PlotThemes
│  ┌ Warning: The call to compilecache failed to create a usable precompiled cache file for PlotUtils [995b91a9-d308-5afd-9ec6-746e21dbc043]
│  │   exception = Required dependency Preferences [21216c6a-2e73-6563-6e65-726566657250] failed to load from a cache file.
│  └ @ Base loading.jl:1992
└  
┌ Xorg_libxkbfile_jll
│  [pid 2117184] waiting for IO to finish:
│   Handle type        uv_handle_t->data
│   fs_event           0x3ff58020->0x7f5d83d595a0
│   timer              0x4006bd90->0x7f5d83d595d0
│  This means that a package has started a background task or event source that has not finished running. For precompilation to complete successfully, the event source needs to be closed explicitly. See the developer documentation on fixing precompilation hangs for more help.
└  
┌ offlinesolution
│  [pid 2118011] waiting for IO to finish:
│   Handle type        uv_handle_t->data
│   fs_event           0x22dee2d0->0x7f36df687df0
│   timer              0x230edf70->0x7f36df687e20
│  This means that a package has started a background task or event source that has not finished running. For precompilation to complete successfully, the event source needs to be closed explicitly. See the developer documentation on fixing precompilation hangs for more help.
└  
┌ LoweredCodeUtils
│  WARNING: using IR.SSAValue in module LoweredCodeUtils conflicts with an existing identifier.
│  WARNING: using IR.SlotNumber in module LoweredCodeUtils conflicts with an existing identifier.
└  
┌ Plots
│  [pid 2118022] waiting for IO to finish:
│   Handle type        uv_handle_t->data
│   fs_event           0x2c8f2230->0x7f1bc18554b0
│   timer              0x2c5590e0->0x7f1bc18554e0
│  This means that a package has started a background task or event source that has not finished running. For precompilation to complete successfully, the event source needs to be closed explicitly. See the developer documentation on fixing precompilation hangs for more help.
└  
┌ Xorg_xcb_util_wm_jll
│  [pid 2117171] waiting for IO to finish:
│   Handle type        uv_handle_t->data
│   fs_event           0x1d71ba60->0x7ff35935c3d0
│   timer              0x1d79a110->0x7ff35935c400
│  This means that a package has started a background task or event source that has not finished running. For precompilation to complete successfully, the event source needs to be closed explicitly. See the developer documentation on fixing precompilation hangs for more help.
└  
┌ Xorg_libXext_jll
│  [pid 2117177] waiting for IO to finish:
│   Handle type        uv_handle_t->data
│   fs_event           0x3b0513d0->0x7fc2250215a0
│   timer              0x3b152fe0->0x7fc2250215d0
│  This means that a package has started a background task or event source that has not finished running. For precompilation to complete successfully, the event source needs to be closed explicitly. See the developer documentation on fixing precompilation hangs for more help.
└  
┌ Xorg_libXrender_jll
│  [pid 2117175] waiting for IO to finish:
│   Handle type        uv_handle_t->data
│   fs_event           0x6ea0c90->0x7f0aa5425840
│   timer              0x698cfa0->0x7f0aa5425870
│  This means that a package has started a background task or event source that has not finished running. For precompilation to complete successfully, the event source needs to be closed explicitly. See the developer documentation on fixing precompilation hangs for more help.
└  
┌ GR
│  ┌ Warning: Module Bzip2_jll with build ID fafbfcfd-9de4-37f1-000b-9ac3045f24f9 is missing from the cache.
│  │ This may mean Bzip2_jll [6e34b625-4abd-537c-b88f-471c36dfa7a0] does not support precompilation but is imported by a module that does.
│  └ @ Base loading.jl:1948
│  ┌ Error: import GR_jll failed.
│  │ Consider using `GR.GRPreferences.use_jll_binary()` or
│  │ `GR.GRPreferences.use_upstream_binary()` to repair.
│  │ Importing GR a second time will allow use of these functions.
│  └ @ GR.GRPreferences ~/.julia/packages/GR/WSEqS/src/preferences.jl:8
└  
┌ OpenStreetMapX
│  [pid 2117400] waiting for IO to finish:
│   Handle type        uv_handle_t->data
│   fs_event           0x80237a0->0x7fb980a54fa0
│   timer              0x801ca80->0x7fb980a54fd0
│  This means that a package has started a background task or event source that has not finished running. For precompilation to complete successfully, the event source needs to be closed explicitly. See the developer documentation on fixing precompilation hangs for more help.
└  
┌ Xorg_xcb_util_cursor_jll
│  [pid 2117234] waiting for IO to finish:
│   Handle type        uv_handle_t->data
│   fs_event           0x8e81990->0x7f67ffee1a20
│   timer              0x8f63990->0x7f67ffee1a50
│  This means that a package has started a background task or event source that has not finished running. For precompilation to complete successfully, the event source needs to be closed explicitly. See the developer documentation on fixing precompilation hangs for more help.
└  
┌ Qt6Wayland_jll
│  ┌ Warning: Module JLLWrappers with build ID fafbfcfd-f56f-03b3-000b-9ac1cfe8b8a9 is missing from the cache.
│  │ This may mean JLLWrappers [692b3bcd-3c85-4b1f-b108-f13ce0eb3210] does not support precompilation but is imported by a module that does.
│  └ @ Base loading.jl:1948
└  
┌ RecipesPipeline
│  ┌ Warning: Module PrecompileTools with build ID fafbfcfd-717f-8f85-0000-924680c79783 is missing from the cache.
│  │ This may mean PrecompileTools [aea7be01-6a6a-4083-8856-8a6e6704d82a] does not support precompilation but is imported by a module that does.
│  └ @ Base loading.jl:1948
└  
   Resolving package versions...
  No Changes to `~/.julia/environments/v1.10/Project.toml`
  No Changes to `~/.julia/environments/v1.10/Manifest.toml`
Precompiling project...
  ✓ Qt6Wayland_jll
  ✓ utils
  ✓ PlotThemes
  ✓ RecipesPipeline
  ✓ offlinesolution
  ✓ GR
    Plots Being precompiled by another machine (hostname: n-62-28-30, pid: 2972032, pidfile: /zhome/90/f/147082/.julia/compiled/v1.10/Plots/ld3vC_orJ9z.ji.pidfile)
  ✓ simulationframework
  ✓ Plots
    UnitfulExt Being precompiled by another machine (hostname: n-62-28-30, pid: 2972032, pidfile: /zhome/90/f/147082/.julia/compiled/v1.10/UnitfulExt/4ishe_orJ9z.ji.pidfile)
  ✓ Plots → UnitfulExt
    alns Being precompiled by another machine (hostname: n-62-28-30, pid: 2972032, pidfile: /zhome/90/f/147082/.julia/compiled/v1.10/alns/HfEzT_orJ9z.ji.pidfile)
  ✓ alns
  10 dependencies successfully precompiled in 142 seconds. 198 already precompiled.
   Resolving package versions...
  No Changes to `~/.julia/environments/v1.10/Project.toml`
  No Changes to `~/.julia/environments/v1.10/Manifest.toml`
   Resolving package versions...
  No Changes to `~/.julia/environments/v1.10/Project.toml`
  No Changes to `~/.julia/environments/v1.10/Manifest.toml`
   Resolving package versions...
  No Changes to `~/.julia/environments/v1.10/Project.toml`
  No Changes to `~/.julia/environments/v1.10/Manifest.toml`
   Resolving package versions...
  No Changes to `~/.julia/environments/v1.10/Project.toml`
  No Changes to `~/.julia/environments/v1.10/Manifest.toml`
   Resolving package versions...
  No Changes to `~/.julia/environments/v1.10/Project.toml`
  No Changes to `~/.julia/environments/v1.10/Manifest.toml`
   Resolving package versions...
  No Changes to `~/.julia/environments/v1.10/Project.toml`
  No Changes to `~/.julia/environments/v1.10/Manifest.toml`
User defined signal 2

[2118345] signal (3): Quit
in expression starting at /zhome/90/f/147082/MasterThesis/dataexploration/MakeAndSaveDistanceAndTimeMatrix.jl:66
