/zhome/90/f/147082/.lsbatch/1748447452.25088847.shell: line 1: using: command not found
/zhome/90/f/147082/.lsbatch/1748447452.25088847.shell: line 2: using: command not found
/zhome/90/f/147082/.lsbatch/1748447452.25088847.shell: line 3: using: command not found
/zhome/90/f/147082/.lsbatch/1748447452.25088847.shell: line 4: using: command not found
/zhome/90/f/147082/.lsbatch/1748447452.25088847.shell: line 5: using: command not found
/zhome/90/f/147082/.lsbatch/1748447452.25088847.shell: line 6: using: command not found
/zhome/90/f/147082/.lsbatch/1748447452.25088847.shell: line 7: using: command not found
/zhome/90/f/147082/.lsbatch/1748447452.25088847.shell: line 16: syntax error near unexpected token `n'
/zhome/90/f/147082/.lsbatch/1748447452.25088847.shell: line 16: `    n = parse(Int,ARGS[1])'

------------------------------------------------------------
Sender: LSF System <lsfadmin@hpc.dtu.dk>
Subject: Job 25088847: <NONAME> in cluster <dcc> Exited

Job <NONAME> was submitted from host <n-62-30-3> by user <s194321> in cluster <dcc> at Wed May 28 17:50:52 2025
Job was executed on host(s) <n-62-31-4>, in queue <hpc>, as user <s194321> in cluster <dcc> at Wed May 28 17:50:52 2025
</zhome/90/f/147082> was used as the home directory.
</zhome/90/f/147082/MasterThesis> was used as the working directory.
Started at Wed May 28 17:50:52 2025
Terminated at Wed May 28 17:50:53 2025
Results reported at Wed May 28 17:50:53 2025

Your job looked like:

------------------------------------------------------------
# LSBATCH: User input
using Test 
using utils 
using offlinesolution
using onlinesolution
using domain
using alns
using CSV






function main()
    # Receive command line arguments 
    n = parse(Int,ARGS[1])
    gamma = parse(Float64,ARGS[2])
    i = parse(Int,ARGS[3])
    gridSize = parse(Int,ARGS[4])
    run = parse(Int,ARGS[5])
    
    # File names 
    vehiclesFile = string("Data/DataWaitingStrategies/",n,"/Vehicles_",n,"_",gamma,".csv")
    parametersFile = "tests/resources/ParametersShortCallTime.csv"
    outPutFolder = "runfiles/output/Waiting/"*string(n)*"/Run"*string(run)
    gridFile = "Data/Konsentra/grid_$(gridSize).json"
    requestFile = "Data/DataWaitingStrategies/$(n)/GeneratedRequests_$(n)_$(i).csv"
    distanceMatrixFile = string("Data/DataWaitingStrategies/",n,"/Matrices/GeneratedRequests_",n,"_",gamma,"_",i,"_distance.txt")
    timeMatrixFile =  string("Data/DataWaitingStrategies/",n,"/Matrices/GeneratedRequests_",n,"_",gamma,"_",i,"_time.txt")
    scenarioName = string("Gen_Data_",n,"_",gamma,"_",i,"_Run",run)    
    
    # Read instance 
    scenario = readInstance(requestFile,vehiclesFile,parametersFile,scenarioName,distanceMatrixFile,timeMatrixFile,gridFile)


    println("Running in hindsigt for n: ", n, " run: ", run)
    # Choose destroy methods
    destroyMethods = Vector{GenericMethod}()
    addMethod!(destroyMethods,"randomDestroy",randomDestroy!)
    addMethod!(destroyMethods,"worstRemoval",worstRemoval!)
    addMethod!(destroyMethods,"shawRemoval",shawRemoval!)

    # Choose repair methods
    repairMethods = Vector{GenericMethod}()
    addMethod!(repairMethods,"greedyInsertion",greedyInsertion)
    addMethod!(repairMethods,"regretInsertion",regretInsertion)

    # Get solution
    initialSolution, requestBankALNS = simpleConstruction(scenario,scenario.requests)
    solution,requestBankALNS,pVals,deltaVals, isImprovedVec,isAcceptedVec,isNewBestVec = runALNS(scenario, scenario.requests, destroyMethods,repairMethods;parametersFile=alnsParameters,initialSolution=initialSolution,requestBank=requestBankALNS,event = scenario.onlineRequests[end],displayPlots=displayPlots,saveResults=false,stage="Offline")

(... more ...)
------------------------------------------------------------

Exited with exit code 2.

Resource usage summary:

    CPU time :                                   0.57 sec.
    Max Memory :                                 -
    Average Memory :                             -
    Total Requested Memory :                     1024.00 MB
    Delta Memory :                               -
    Max Swap :                                   -
    Max Processes :                              -
    Max Threads :                                -
    Run time :                                   10 sec.
    Turnaround time :                            1 sec.

The output (if any) is above this job summary.

